This file contains any messages produced by compilers while
running configure, to aid debugging if configure makes a mistake.

It was created by pacman configure 4.1.2, which was
generated by GNU Autoconf 2.69.  Invocation command line was

  $ ./configure --build=x86_64-linux-gnu --prefix=/usr --includedir=${prefix}/include --mandir=${prefix}/share/man --infodir=${prefix}/share/info --sysconfdir=/etc --localstatedir=/var --libdir=${prefix}/lib/x86_64-linux-gnu --libexecdir=${prefix}/lib/x86_64-linux-gnu --disable-maintainer-mode --disable-dependency-tracking --enable-doc

## --------- ##
## Platform. ##
## --------- ##

hostname = kali
uname -m = x86_64
uname -r = 3.7-trunk-amd64
uname -s = Linux
uname -v = #1 SMP Debian 3.7.2-0+kali8

/usr/bin/uname -p = unknown
/bin/uname -X     = unknown

/bin/arch              = unknown
/usr/bin/arch -k       = unknown
/usr/convex/getsysinfo = unknown
/usr/bin/hostinfo      = unknown
/bin/machine           = unknown
/usr/bin/oslevel       = unknown
/bin/universe          = unknown

PATH: /usr/local/sbin
PATH: /usr/local/bin
PATH: /usr/sbin
PATH: /usr/bin
PATH: /sbin
PATH: /bin
PATH: /usr/lib/jvm/java-7-oracle/bin
PATH: /usr/lib/jvm/java-7-oracle/db/bin
PATH: /usr/lib/jvm/java-7-oracle/jre/bin


## ----------- ##
## Core tests. ##
## ----------- ##

configure:2585: checking build system type
configure:2599: result: x86_64-pc-linux-gnu
configure:2619: checking host system type
configure:2632: result: x86_64-pc-linux-gnu
configure:2668: checking for a BSD-compatible install
configure:2736: result: /usr/bin/install -c
configure:2747: checking whether build environment is sane
configure:2802: result: yes
configure:2953: checking for a thread-safe mkdir -p
configure:2992: result: /bin/mkdir -p
configure:2999: checking for gawk
configure:3015: found /usr/bin/gawk
configure:3026: result: gawk
configure:3037: checking whether make sets $(MAKE)
configure:3059: result: yes
configure:3088: checking whether make supports nested variables
configure:3105: result: yes
configure:3200: checking whether make supports nested variables
configure:3217: result: yes
configure:3275: checking how to print strings
configure:3302: result: printf
configure:3335: checking for style of include used by make
configure:3363: result: GNU
configure:3434: checking for gcc
configure:3450: found /usr/bin/gcc
configure:3461: result: gcc
configure:3690: checking for C compiler version
configure:3699: gcc --version >&5
gcc (Debian 4.8.2-5) 4.8.2
Copyright (C) 2013 Free Software Foundation, Inc.
This is free software; see the source for copying conditions.  There is NO
warranty; not even for MERCHANTABILITY or FITNESS FOR A PARTICULAR PURPOSE.

configure:3710: $? = 0
configure:3699: gcc -v >&5
Using built-in specs.
COLLECT_GCC=gcc
COLLECT_LTO_WRAPPER=/usr/lib/gcc/x86_64-linux-gnu/4.8/lto-wrapper
Target: x86_64-linux-gnu
Configured with: ../src/configure -v --with-pkgversion='Debian 4.8.2-5' --with-bugurl=file:///usr/share/doc/gcc-4.8/README.Bugs --enable-languages=c,c++,java,go,d,fortran,objc,obj-c++ --prefix=/usr --program-suffix=-4.8 --enable-shared --enable-linker-build-id --libexecdir=/usr/lib --without-included-gettext --enable-threads=posix --with-gxx-include-dir=/usr/include/c++/4.8 --libdir=/usr/lib --enable-nls --with-sysroot=/ --enable-clocale=gnu --enable-libstdcxx-debug --enable-libstdcxx-time=yes --enable-gnu-unique-object --disable-libmudflap --enable-plugin --with-system-zlib --disable-browser-plugin --enable-java-awt=gtk --enable-gtk-cairo --with-java-home=/usr/lib/jvm/java-1.5.0-gcj-4.8-amd64/jre --enable-java-home --with-jvm-root-dir=/usr/lib/jvm/java-1.5.0-gcj-4.8-amd64 --with-jvm-jar-dir=/usr/lib/jvm-exports/java-1.5.0-gcj-4.8-amd64 --with-arch-directory=amd64 --with-ecj-jar=/usr/share/java/eclipse-ecj.jar --enable-objc-gc --enable-multiarch --with-arch-32=i586 --with-abi=m64 --with-multilib-list=m32,m64,mx32 --with-tune=generic --enable-checking=release --build=x86_64-linux-gnu --host=x86_64-linux-gnu --target=x86_64-linux-gnu
Thread model: posix
gcc version 4.8.2 (Debian 4.8.2-5) 
configure:3710: $? = 0
configure:3699: gcc -V >&5
gcc: error: unrecognized command line option '-V'
gcc: fatal error: no input files
compilation terminated.
configure:3710: $? = 4
configure:3699: gcc -qversion >&5
gcc: error: unrecognized command line option '-qversion'
gcc: fatal error: no input files
compilation terminated.
configure:3710: $? = 4
configure:3730: checking whether the C compiler works
configure:3752: gcc -g -O2   conftest.c  >&5
configure:3756: $? = 0
configure:3804: result: yes
configure:3807: checking for C compiler default output file name
configure:3809: result: a.out
configure:3815: checking for suffix of executables
configure:3822: gcc -o conftest -g -O2   conftest.c  >&5
configure:3826: $? = 0
configure:3848: result: 
configure:3870: checking whether we are cross compiling
configure:3878: gcc -o conftest -g -O2   conftest.c  >&5
configure:3882: $? = 0
configure:3889: ./conftest
configure:3893: $? = 0
configure:3908: result: no
configure:3913: checking for suffix of object files
configure:3935: gcc -c -g -O2  conftest.c >&5
configure:3939: $? = 0
configure:3960: result: o
configure:3964: checking whether we are using the GNU C compiler
configure:3983: gcc -c -g -O2  conftest.c >&5
configure:3983: $? = 0
configure:3992: result: yes
configure:4001: checking whether gcc accepts -g
configure:4021: gcc -c -g  conftest.c >&5
configure:4021: $? = 0
configure:4062: result: yes
configure:4079: checking for gcc option to accept ISO C89
configure:4142: gcc  -c -g -O2  conftest.c >&5
configure:4142: $? = 0
configure:4155: result: none needed
configure:4177: checking dependency style of gcc
configure:4288: result: none
configure:4303: checking for a sed that does not truncate output
configure:4367: result: /bin/sed
configure:4385: checking for grep that handles long lines and -e
configure:4443: result: /bin/grep
configure:4448: checking for egrep
configure:4510: result: /bin/grep -E
configure:4515: checking for fgrep
configure:4577: result: /bin/grep -F
configure:4612: checking for ld used by gcc
configure:4679: result: /usr/bin/ld
configure:4686: checking if the linker (/usr/bin/ld) is GNU ld
configure:4701: result: yes
configure:4713: checking for BSD- or MS-compatible name lister (nm)
configure:4762: result: /usr/bin/nm -B
configure:4892: checking the name lister (/usr/bin/nm -B) interface
configure:4899: gcc -c -g -O2  conftest.c >&5
configure:4902: /usr/bin/nm -B "conftest.o"
configure:4905: output
0000000000000000 B some_variable
configure:4912: result: BSD nm
configure:4915: checking whether ln -s works
configure:4919: result: yes
configure:4927: checking the maximum length of command line arguments
configure:5052: result: 3458764513820540925
configure:5069: checking whether the shell understands some XSI constructs
configure:5079: result: yes
configure:5083: checking whether the shell understands "+="
configure:5089: result: yes
configure:5124: checking how to convert x86_64-pc-linux-gnu file names to x86_64-pc-linux-gnu format
configure:5164: result: func_convert_file_noop
configure:5171: checking how to convert x86_64-pc-linux-gnu file names to toolchain format
configure:5191: result: func_convert_file_noop
configure:5198: checking for /usr/bin/ld option to reload object files
configure:5205: result: -r
configure:5279: checking for objdump
configure:5295: found /usr/bin/objdump
configure:5306: result: objdump
configure:5338: checking how to recognize dependent libraries
configure:5540: result: pass_all
configure:5625: checking for dlltool
configure:5655: result: no
configure:5685: checking how to associate runtime and link libraries
configure:5712: result: printf %s\n
configure:5773: checking for ar
configure:5789: found /usr/bin/ar
configure:5800: result: ar
configure:5837: checking for archiver @FILE support
configure:5854: gcc -c -g -O2  conftest.c >&5
configure:5854: $? = 0
configure:5857: ar cru libconftest.a @conftest.lst >&5
configure:5860: $? = 0
configure:5865: ar cru libconftest.a @conftest.lst >&5
ar: conftest.o: No such file or directory
configure:5868: $? = 1
configure:5880: result: @
configure:5938: checking for strip
configure:5954: found /usr/bin/strip
configure:5965: result: strip
configure:6037: checking for ranlib
configure:6053: found /usr/bin/ranlib
configure:6064: result: ranlib
configure:6166: checking command to parse /usr/bin/nm -B output from gcc object
configure:6285: gcc -c -g -O2  conftest.c >&5
configure:6288: $? = 0
configure:6292: /usr/bin/nm -B conftest.o \| sed -n -e 's/^.*[ ]\([ABCDGIRSTW][ABCDGIRSTW]*\)[ ][ ]*\([_A-Za-z][_A-Za-z0-9]*\)$/\1 \2 \2/p' | sed '/ __gnu_lto/d' \> conftest.nm
configure:6295: $? = 0
configure:6361: gcc -o conftest -g -O2   conftest.c conftstm.o >&5
configure:6364: $? = 0
configure:6402: result: ok
configure:6439: checking for sysroot
configure:6469: result: no
configure:6546: gcc -c -g -O2  conftest.c >&5
configure:6549: $? = 0
configure:6712: checking for mt
configure:6728: found /bin/mt
configure:6739: result: mt
configure:6762: checking if mt is a manifest tool
configure:6768: mt '-?'
configure:6776: result: no
configure:7408: checking how to run the C preprocessor
configure:7439: gcc -E  conftest.c
configure:7439: $? = 0
configure:7453: gcc -E  conftest.c
conftest.c:11:28: fatal error: ac_nonexistent.h: No such file or directory
 #include <ac_nonexistent.h>
                            ^
compilation terminated.
configure:7453: $? = 1
configure: failed program was:
| /* confdefs.h */
| #define PACKAGE_NAME "pacman"
| #define PACKAGE_TARNAME "pacman"
| #define PACKAGE_VERSION "4.1.2"
| #define PACKAGE_STRING "pacman 4.1.2"
| #define PACKAGE_BUGREPORT "pacman-dev@archlinux.org"
| #define PACKAGE_URL ""
| #define PACKAGE "pacman"
| #define VERSION "4.1.2"
| /* end confdefs.h.  */
| #include <ac_nonexistent.h>
configure:7478: result: gcc -E
configure:7498: gcc -E  conftest.c
configure:7498: $? = 0
configure:7512: gcc -E  conftest.c
conftest.c:11:28: fatal error: ac_nonexistent.h: No such file or directory
 #include <ac_nonexistent.h>
                            ^
compilation terminated.
configure:7512: $? = 1
configure: failed program was:
| /* confdefs.h */
| #define PACKAGE_NAME "pacman"
| #define PACKAGE_TARNAME "pacman"
| #define PACKAGE_VERSION "4.1.2"
| #define PACKAGE_STRING "pacman 4.1.2"
| #define PACKAGE_BUGREPORT "pacman-dev@archlinux.org"
| #define PACKAGE_URL ""
| #define PACKAGE "pacman"
| #define VERSION "4.1.2"
| /* end confdefs.h.  */
| #include <ac_nonexistent.h>
configure:7541: checking for ANSI C header files
configure:7561: gcc -c -g -O2  conftest.c >&5
configure:7561: $? = 0
configure:7634: gcc -o conftest -g -O2   conftest.c  >&5
configure:7634: $? = 0
configure:7634: ./conftest
configure:7634: $? = 0
configure:7645: result: yes
configure:7658: checking for sys/types.h
configure:7658: gcc -c -g -O2  conftest.c >&5
configure:7658: $? = 0
configure:7658: result: yes
configure:7658: checking for sys/stat.h
configure:7658: gcc -c -g -O2  conftest.c >&5
configure:7658: $? = 0
configure:7658: result: yes
configure:7658: checking for stdlib.h
configure:7658: gcc -c -g -O2  conftest.c >&5
configure:7658: $? = 0
configure:7658: result: yes
configure:7658: checking for string.h
configure:7658: gcc -c -g -O2  conftest.c >&5
configure:7658: $? = 0
configure:7658: result: yes
configure:7658: checking for memory.h
configure:7658: gcc -c -g -O2  conftest.c >&5
configure:7658: $? = 0
configure:7658: result: yes
configure:7658: checking for strings.h
configure:7658: gcc -c -g -O2  conftest.c >&5
configure:7658: $? = 0
configure:7658: result: yes
configure:7658: checking for inttypes.h
configure:7658: gcc -c -g -O2  conftest.c >&5
configure:7658: $? = 0
configure:7658: result: yes
configure:7658: checking for stdint.h
configure:7658: gcc -c -g -O2  conftest.c >&5
configure:7658: $? = 0
configure:7658: result: yes
configure:7658: checking for unistd.h
configure:7658: gcc -c -g -O2  conftest.c >&5
configure:7658: $? = 0
configure:7658: result: yes
configure:7672: checking for dlfcn.h
configure:7672: gcc -c -g -O2  conftest.c >&5
configure:7672: $? = 0
configure:7672: result: yes
configure:7859: checking for objdir
configure:7874: result: .libs
configure:8145: checking if gcc supports -fno-rtti -fno-exceptions
configure:8163: gcc -c -g -O2  -fno-rtti -fno-exceptions conftest.c >&5
cc1: warning: command line option '-fno-rtti' is valid for C++/ObjC++ but not for C [enabled by default]
configure:8167: $? = 0
configure:8180: result: no
configure:8490: checking for gcc option to produce PIC
configure:8497: result: -fPIC -DPIC
configure:8505: checking if gcc PIC flag -fPIC -DPIC works
configure:8523: gcc -c -g -O2  -fPIC -DPIC -DPIC conftest.c >&5
configure:8527: $? = 0
configure:8540: result: yes
configure:8569: checking if gcc static flag -static works
configure:8597: result: yes
configure:8612: checking if gcc supports -c -o file.o
configure:8633: gcc -c -g -O2  -o out/conftest2.o conftest.c >&5
configure:8637: $? = 0
configure:8659: result: yes
configure:8667: checking if gcc supports -c -o file.o
configure:8714: result: yes
configure:8747: checking whether the gcc linker (/usr/bin/ld -m elf_x86_64) supports shared libraries
configure:9905: result: yes
configure:9942: checking whether -lc should be explicitly linked in
configure:9950: gcc -c -g -O2  conftest.c >&5
configure:9953: $? = 0
configure:9968: gcc -shared  -fPIC -DPIC conftest.o  -v -Wl,-soname -Wl,conftest -o conftest 2\>\&1 \| /bin/grep  -lc  \>/dev/null 2\>\&1
configure:9971: $? = 0
configure:9985: result: no
configure:10150: checking dynamic linker characteristics
configure:10664: gcc -o conftest -g -O2   -Wl,-rpath -Wl,/foo conftest.c  >&5
configure:10664: $? = 0
configure:10886: result: GNU/Linux ld.so
configure:10993: checking how to hardcode library paths into programs
configure:11018: result: immediate
configure:11558: checking whether stripping libraries is possible
configure:11563: result: yes
configure:11598: checking if libtool supports shared libraries
configure:11600: result: yes
configure:11603: checking whether to build shared libraries
configure:11624: result: yes
configure:11627: checking whether to build static libraries
configure:11631: result: yes
configure:11838: checking for special C compiler options needed for large files
configure:11883: result: no
configure:11889: checking for _FILE_OFFSET_BITS value needed for large files
configure:11914: gcc -c -g -O2  conftest.c >&5
configure:11914: $? = 0
configure:11946: result: no
configure:12037: checking for gawk
configure:12064: result: gawk
configure:12075: checking for gcc option to accept ISO C99
configure:12224: gcc  -c -g -O2  conftest.c >&5
conftest.c:74:29: error: expected ';', ',' or ')' before 'text'
 test_restrict (ccp restrict text)
                             ^
conftest.c: In function 'main':
conftest.c:128:18: error: expected '=', ',', ';', 'asm' or '__attribute__' before 'newvar'
   char *restrict newvar = "Another string";
                  ^
conftest.c:128:18: error: 'newvar' undeclared (first use in this function)
conftest.c:128:18: note: each undeclared identifier is reported only once for each function it appears in
conftest.c:138:3: error: 'for' loop initial declarations are only allowed in C99 mode
   for (int i = 0; i < ia->datasize; ++i)
   ^
conftest.c:138:3: note: use option -std=c99 or -std=gnu99 to compile your code
configure:12224: $? = 1
configure: failed program was:
| /* confdefs.h */
| #define PACKAGE_NAME "pacman"
| #define PACKAGE_TARNAME "pacman"
| #define PACKAGE_VERSION "4.1.2"
| #define PACKAGE_STRING "pacman 4.1.2"
| #define PACKAGE_BUGREPORT "pacman-dev@archlinux.org"
| #define PACKAGE_URL ""
| #define PACKAGE "pacman"
| #define VERSION "4.1.2"
| #define STDC_HEADERS 1
| #define HAVE_SYS_TYPES_H 1
| #define HAVE_SYS_STAT_H 1
| #define HAVE_STDLIB_H 1
| #define HAVE_STRING_H 1
| #define HAVE_MEMORY_H 1
| #define HAVE_STRINGS_H 1
| #define HAVE_INTTYPES_H 1
| #define HAVE_STDINT_H 1
| #define HAVE_UNISTD_H 1
| #define HAVE_DLFCN_H 1
| #define LT_OBJDIR ".libs/"
| #define LIB_VERSION "8.0.2"
| /* end confdefs.h.  */
| #include <stdarg.h>
| #include <stdbool.h>
| #include <stdlib.h>
| #include <wchar.h>
| #include <stdio.h>
| 
| // Check varargs macros.  These examples are taken from C99 6.10.3.5.
| #define debug(...) fprintf (stderr, __VA_ARGS__)
| #define showlist(...) puts (#__VA_ARGS__)
| #define report(test,...) ((test) ? puts (#test) : printf (__VA_ARGS__))
| static void
| test_varargs_macros (void)
| {
|   int x = 1234;
|   int y = 5678;
|   debug ("Flag");
|   debug ("X = %d\n", x);
|   showlist (The first, second, and third items.);
|   report (x>y, "x is %d but y is %d", x, y);
| }
| 
| // Check long long types.
| #define BIG64 18446744073709551615ull
| #define BIG32 4294967295ul
| #define BIG_OK (BIG64 / BIG32 == 4294967297ull && BIG64 % BIG32 == 0)
| #if !BIG_OK
|   your preprocessor is broken;
| #endif
| #if BIG_OK
| #else
|   your preprocessor is broken;
| #endif
| static long long int bignum = -9223372036854775807LL;
| static unsigned long long int ubignum = BIG64;
| 
| struct incomplete_array
| {
|   int datasize;
|   double data[];
| };
| 
| struct named_init {
|   int number;
|   const wchar_t *name;
|   double average;
| };
| 
| typedef const char *ccp;
| 
| static inline int
| test_restrict (ccp restrict text)
| {
|   // See if C++-style comments work.
|   // Iterate through items via the restricted pointer.
|   // Also check for declarations in for loops.
|   for (unsigned int i = 0; *(text+i) != '\0'; ++i)
|     continue;
|   return 0;
| }
| 
| // Check varargs and va_copy.
| static void
| test_varargs (const char *format, ...)
| {
|   va_list args;
|   va_start (args, format);
|   va_list args_copy;
|   va_copy (args_copy, args);
| 
|   const char *str;
|   int number;
|   float fnumber;
| 
|   while (*format)
|     {
|       switch (*format++)
| 	{
| 	case 's': // string
| 	  str = va_arg (args_copy, const char *);
| 	  break;
| 	case 'd': // int
| 	  number = va_arg (args_copy, int);
| 	  break;
| 	case 'f': // float
| 	  fnumber = va_arg (args_copy, double);
| 	  break;
| 	default:
| 	  break;
| 	}
|     }
|   va_end (args_copy);
|   va_end (args);
| }
| 
| int
| main ()
| {
| 
|   // Check bool.
|   _Bool success = false;
| 
|   // Check restrict.
|   if (test_restrict ("String literal") == 0)
|     success = true;
|   char *restrict newvar = "Another string";
| 
|   // Check varargs.
|   test_varargs ("s, d' f .", "string", 65, 34.234);
|   test_varargs_macros ();
| 
|   // Check flexible array members.
|   struct incomplete_array *ia =
|     malloc (sizeof (struct incomplete_array) + (sizeof (double) * 10));
|   ia->datasize = 10;
|   for (int i = 0; i < ia->datasize; ++i)
|     ia->data[i] = i * 1.234;
| 
|   // Check named initializers.
|   struct named_init ni = {
|     .number = 34,
|     .name = L"Test wide string",
|     .average = 543.34343,
|   };
| 
|   ni.number = 58;
| 
|   int dynamic_array[ni.number];
|   dynamic_array[ni.number - 1] = 543;
| 
|   // work around unused variable warnings
|   return (!success || bignum == 0LL || ubignum == 0uLL || newvar[0] == 'x'
| 	  || dynamic_array[ni.number - 1] != 543);
| 
|   ;
|   return 0;
| }
configure:12224: gcc -std=gnu99 -c -g -O2  conftest.c >&5
configure:12224: $? = 0
configure:12244: result: -std=gnu99
configure:12257: checking for python2.7
configure:12273: found /usr/bin/python2.7
configure:12284: result: python2.7
configure:12300: checking for bash
configure:12318: found /bin/bash
configure:12330: result: /bin/bash
configure:12364: checking whether NLS is requested
configure:12373: result: yes
configure:12414: checking for msgfmt
configure: trying /usr/bin/msgfmt...
0 translated messages.
configure:12446: result: /usr/bin/msgfmt
configure:12455: checking for gmsgfmt
configure:12486: result: /usr/bin/msgfmt
configure:12537: checking for xgettext
configure: trying /usr/bin/xgettext...
/usr/bin/xgettext: warning: file '/dev/null' extension '' is unknown; will try C
configure:12569: result: /usr/bin/xgettext
configure:12615: checking for msgmerge
configure: trying /usr/bin/msgmerge...
configure:12646: result: /usr/bin/msgmerge
configure:12703: checking for ld used by GCC
configure:12767: result: /usr/bin/ld -m elf_x86_64
configure:12774: checking if the linker (/usr/bin/ld -m elf_x86_64) is GNU ld
configure:12787: result: yes
configure:12794: checking for shared library run path origin
configure:12807: result: done
configure:13379: checking for CFPreferencesCopyAppValue
configure:13397: gcc -std=gnu99 -o conftest -g -O2   conftest.c  -Wl,-framework -Wl,CoreFoundation >&5
conftest.c:24:42: fatal error: CoreFoundation/CFPreferences.h: No such file or directory
 #include <CoreFoundation/CFPreferences.h>
                                          ^
compilation terminated.
configure:13397: $? = 1
configure: failed program was:
| /* confdefs.h */
| #define PACKAGE_NAME "pacman"
| #define PACKAGE_TARNAME "pacman"
| #define PACKAGE_VERSION "4.1.2"
| #define PACKAGE_STRING "pacman 4.1.2"
| #define PACKAGE_BUGREPORT "pacman-dev@archlinux.org"
| #define PACKAGE_URL ""
| #define PACKAGE "pacman"
| #define VERSION "4.1.2"
| #define STDC_HEADERS 1
| #define HAVE_SYS_TYPES_H 1
| #define HAVE_SYS_STAT_H 1
| #define HAVE_STDLIB_H 1
| #define HAVE_STRING_H 1
| #define HAVE_MEMORY_H 1
| #define HAVE_STRINGS_H 1
| #define HAVE_INTTYPES_H 1
| #define HAVE_STDINT_H 1
| #define HAVE_UNISTD_H 1
| #define HAVE_DLFCN_H 1
| #define LT_OBJDIR ".libs/"
| #define LIB_VERSION "8.0.2"
| /* end confdefs.h.  */
| #include <CoreFoundation/CFPreferences.h>
| int
| main ()
| {
| CFPreferencesCopyAppValue(NULL, NULL)
|   ;
|   return 0;
| }
configure:13406: result: no
configure:13413: checking for CFLocaleCopyCurrent
configure:13431: gcc -std=gnu99 -o conftest -g -O2   conftest.c  -Wl,-framework -Wl,CoreFoundation >&5
conftest.c:24:37: fatal error: CoreFoundation/CFLocale.h: No such file or directory
 #include <CoreFoundation/CFLocale.h>
                                     ^
compilation terminated.
configure:13431: $? = 1
configure: failed program was:
| /* confdefs.h */
| #define PACKAGE_NAME "pacman"
| #define PACKAGE_TARNAME "pacman"
| #define PACKAGE_VERSION "4.1.2"
| #define PACKAGE_STRING "pacman 4.1.2"
| #define PACKAGE_BUGREPORT "pacman-dev@archlinux.org"
| #define PACKAGE_URL ""
| #define PACKAGE "pacman"
| #define VERSION "4.1.2"
| #define STDC_HEADERS 1
| #define HAVE_SYS_TYPES_H 1
| #define HAVE_SYS_STAT_H 1
| #define HAVE_STDLIB_H 1
| #define HAVE_STRING_H 1
| #define HAVE_MEMORY_H 1
| #define HAVE_STRINGS_H 1
| #define HAVE_INTTYPES_H 1
| #define HAVE_STDINT_H 1
| #define HAVE_UNISTD_H 1
| #define HAVE_DLFCN_H 1
| #define LT_OBJDIR ".libs/"
| #define LIB_VERSION "8.0.2"
| /* end confdefs.h.  */
| #include <CoreFoundation/CFLocale.h>
| int
| main ()
| {
| CFLocaleCopyCurrent();
|   ;
|   return 0;
| }
configure:13440: result: no
configure:13489: checking for GNU gettext in libc
configure:13509: gcc -std=gnu99 -o conftest -g -O2   conftest.c  >&5
configure:13509: $? = 0
configure:13518: result: yes
configure:14309: checking whether to use NLS
configure:14311: result: yes
configure:14314: checking where the gettext function comes from
configure:14325: result: libc
configure:14384: checking for fabs in -lm
configure:14409: gcc -std=gnu99 -o conftest -g -O2   conftest.c -lm   >&5
conftest.c:34:6: warning: conflicting types for built-in function 'fabs' [enabled by default]
 char fabs ();
      ^
configure:14409: $? = 0
configure:14418: result: yes
configure:14487: checking for pkg-config
configure:14505: found /usr/bin/pkg-config
configure:14517: result: /usr/bin/pkg-config
configure:14542: checking pkg-config is at least version 0.9.0
configure:14545: result: yes
configure:14555: checking for LIBARCHIVE
configure:14562: $PKG_CONFIG --exists --print-errors "libarchive >= 2.8.0"
configure:14565: $? = 0
configure:14579: $PKG_CONFIG --exists --print-errors "libarchive >= 2.8.0"
configure:14582: $? = 0
configure:14620: result: yes
configure:14630: checking for LIBSSL
configure:14637: $PKG_CONFIG --exists --print-errors "libcrypto"
configure:14640: $? = 0
configure:14654: $PKG_CONFIG --exists --print-errors "libcrypto"
configure:14657: $? = 0
configure:14695: result: yes
configure:14719: checking for LIBCURL
configure:14726: $PKG_CONFIG --exists --print-errors "libcurl >= 7.19.4"
configure:14729: $? = 0
configure:14743: $PKG_CONFIG --exists --print-errors "libcurl >= 7.19.4"
configure:14746: $? = 0
configure:14784: result: yes
configure:14804: checking whether to link with libgpgme
configure:14807: result: yes
configure:14828: checking for gpgme-config
configure:14859: result: no
configure:14888: checking for GPGME - version >= 1.3.0
configure:14984: result: no
configure:15017: checking fcntl.h usability
configure:15017: gcc -std=gnu99 -c -g -O2  conftest.c >&5
configure:15017: $? = 0
configure:15017: result: yes
configure:15017: checking fcntl.h presence
configure:15017: gcc -E  conftest.c
configure:15017: $? = 0
configure:15017: result: yes
configure:15017: checking for fcntl.h
configure:15017: result: yes
configure:15017: checking float.h usability
configure:15017: gcc -std=gnu99 -c -g -O2  conftest.c >&5
configure:15017: $? = 0
configure:15017: result: yes
configure:15017: checking float.h presence
configure:15017: gcc -E  conftest.c
configure:15017: $? = 0
configure:15017: result: yes
configure:15017: checking for float.h
configure:15017: result: yes
configure:15017: checking glob.h usability
configure:15017: gcc -std=gnu99 -c -g -O2  conftest.c >&5
configure:15017: $? = 0
configure:15017: result: yes
configure:15017: checking glob.h presence
configure:15017: gcc -E  conftest.c
configure:15017: $? = 0
configure:15017: result: yes
configure:15017: checking for glob.h
configure:15017: result: yes
configure:15017: checking langinfo.h usability
configure:15017: gcc -std=gnu99 -c -g -O2  conftest.c >&5
configure:15017: $? = 0
configure:15017: result: yes
configure:15017: checking langinfo.h presence
configure:15017: gcc -E  conftest.c
configure:15017: $? = 0
configure:15017: result: yes
configure:15017: checking for langinfo.h
configure:15017: result: yes
configure:15017: checking libintl.h usability
configure:15017: gcc -std=gnu99 -c -g -O2  conftest.c >&5
configure:15017: $? = 0
configure:15017: result: yes
configure:15017: checking libintl.h presence
configure:15017: gcc -E  conftest.c
configure:15017: $? = 0
configure:15017: result: yes
configure:15017: checking for libintl.h
configure:15017: result: yes
configure:15017: checking limits.h usability
configure:15017: gcc -std=gnu99 -c -g -O2  conftest.c >&5
configure:15017: $? = 0
configure:15017: result: yes
configure:15017: checking limits.h presence
configure:15017: gcc -E  conftest.c
configure:15017: $? = 0
configure:15017: result: yes
configure:15017: checking for limits.h
configure:15017: result: yes
configure:15017: checking locale.h usability
configure:15017: gcc -std=gnu99 -c -g -O2  conftest.c >&5
configure:15017: $? = 0
configure:15017: result: yes
configure:15017: checking locale.h presence
configure:15017: gcc -E  conftest.c
configure:15017: $? = 0
configure:15017: result: yes
configure:15017: checking for locale.h
configure:15017: result: yes
configure:15017: checking mntent.h usability
configure:15017: gcc -std=gnu99 -c -g -O2  conftest.c >&5
configure:15017: $? = 0
configure:15017: result: yes
configure:15017: checking mntent.h presence
configure:15017: gcc -E  conftest.c
configure:15017: $? = 0
configure:15017: result: yes
configure:15017: checking for mntent.h
configure:15017: result: yes
configure:15017: checking netinet/in.h usability
configure:15017: gcc -std=gnu99 -c -g -O2  conftest.c >&5
configure:15017: $? = 0
configure:15017: result: yes
configure:15017: checking netinet/in.h presence
configure:15017: gcc -E  conftest.c
configure:15017: $? = 0
configure:15017: result: yes
configure:15017: checking for netinet/in.h
configure:15017: result: yes
configure:15017: checking netinet/tcp.h usability
configure:15017: gcc -std=gnu99 -c -g -O2  conftest.c >&5
configure:15017: $? = 0
configure:15017: result: yes
configure:15017: checking netinet/tcp.h presence
configure:15017: gcc -E  conftest.c
configure:15017: $? = 0
configure:15017: result: yes
configure:15017: checking for netinet/tcp.h
configure:15017: result: yes
configure:15017: checking stddef.h usability
configure:15017: gcc -std=gnu99 -c -g -O2  conftest.c >&5
configure:15017: $? = 0
configure:15017: result: yes
configure:15017: checking stddef.h presence
configure:15017: gcc -E  conftest.c
configure:15017: $? = 0
configure:15017: result: yes
configure:15017: checking for stddef.h
configure:15017: result: yes
configure:15017: checking for string.h
configure:15017: result: yes
configure:15017: checking sys/ioctl.h usability
configure:15017: gcc -std=gnu99 -c -g -O2  conftest.c >&5
configure:15017: $? = 0
configure:15017: result: yes
configure:15017: checking sys/ioctl.h presence
configure:15017: gcc -E  conftest.c
configure:15017: $? = 0
configure:15017: result: yes
configure:15017: checking for sys/ioctl.h
configure:15017: result: yes
configure:15017: checking sys/mnttab.h usability
configure:15017: gcc -std=gnu99 -c -g -O2  conftest.c >&5
conftest.c:76:24: fatal error: sys/mnttab.h: No such file or directory
 #include <sys/mnttab.h>
                        ^
compilation terminated.
configure:15017: $? = 1
configure: failed program was:
| /* confdefs.h */
| #define PACKAGE_NAME "pacman"
| #define PACKAGE_TARNAME "pacman"
| #define PACKAGE_VERSION "4.1.2"
| #define PACKAGE_STRING "pacman 4.1.2"
| #define PACKAGE_BUGREPORT "pacman-dev@archlinux.org"
| #define PACKAGE_URL ""
| #define PACKAGE "pacman"
| #define VERSION "4.1.2"
| #define STDC_HEADERS 1
| #define HAVE_SYS_TYPES_H 1
| #define HAVE_SYS_STAT_H 1
| #define HAVE_STDLIB_H 1
| #define HAVE_STRING_H 1
| #define HAVE_MEMORY_H 1
| #define HAVE_STRINGS_H 1
| #define HAVE_INTTYPES_H 1
| #define HAVE_STDINT_H 1
| #define HAVE_UNISTD_H 1
| #define HAVE_DLFCN_H 1
| #define LT_OBJDIR ".libs/"
| #define LIB_VERSION "8.0.2"
| #define ENABLE_NLS 1
| #define HAVE_GETTEXT 1
| #define HAVE_DCGETTEXT 1
| #define HAVE_LIBM 1
| #define HAVE_LIBSSL 1
| #define HAVE_LIBCURL 1
| #define HAVE_FCNTL_H 1
| #define HAVE_FLOAT_H 1
| #define HAVE_GLOB_H 1
| #define HAVE_LANGINFO_H 1
| #define HAVE_LIBINTL_H 1
| #define HAVE_LIMITS_H 1
| #define HAVE_LOCALE_H 1
| #define HAVE_MNTENT_H 1
| #define HAVE_NETINET_IN_H 1
| #define HAVE_NETINET_TCP_H 1
| #define HAVE_STDDEF_H 1
| #define HAVE_STRING_H 1
| #define HAVE_SYS_IOCTL_H 1
| /* end confdefs.h.  */
| #include <stdio.h>
| #ifdef HAVE_SYS_TYPES_H
| # include <sys/types.h>
| #endif
| #ifdef HAVE_SYS_STAT_H
| # include <sys/stat.h>
| #endif
| #ifdef STDC_HEADERS
| # include <stdlib.h>
| # include <stddef.h>
| #else
| # ifdef HAVE_STDLIB_H
| #  include <stdlib.h>
| # endif
| #endif
| #ifdef HAVE_STRING_H
| # if !defined STDC_HEADERS && defined HAVE_MEMORY_H
| #  include <memory.h>
| # endif
| # include <string.h>
| #endif
| #ifdef HAVE_STRINGS_H
| # include <strings.h>
| #endif
| #ifdef HAVE_INTTYPES_H
| # include <inttypes.h>
| #endif
| #ifdef HAVE_STDINT_H
| # include <stdint.h>
| #endif
| #ifdef HAVE_UNISTD_H
| # include <unistd.h>
| #endif
| #include <sys/mnttab.h>
configure:15017: result: no
configure:15017: checking sys/mnttab.h presence
configure:15017: gcc -E  conftest.c
conftest.c:43:24: fatal error: sys/mnttab.h: No such file or directory
 #include <sys/mnttab.h>
                        ^
compilation terminated.
configure:15017: $? = 1
configure: failed program was:
| /* confdefs.h */
| #define PACKAGE_NAME "pacman"
| #define PACKAGE_TARNAME "pacman"
| #define PACKAGE_VERSION "4.1.2"
| #define PACKAGE_STRING "pacman 4.1.2"
| #define PACKAGE_BUGREPORT "pacman-dev@archlinux.org"
| #define PACKAGE_URL ""
| #define PACKAGE "pacman"
| #define VERSION "4.1.2"
| #define STDC_HEADERS 1
| #define HAVE_SYS_TYPES_H 1
| #define HAVE_SYS_STAT_H 1
| #define HAVE_STDLIB_H 1
| #define HAVE_STRING_H 1
| #define HAVE_MEMORY_H 1
| #define HAVE_STRINGS_H 1
| #define HAVE_INTTYPES_H 1
| #define HAVE_STDINT_H 1
| #define HAVE_UNISTD_H 1
| #define HAVE_DLFCN_H 1
| #define LT_OBJDIR ".libs/"
| #define LIB_VERSION "8.0.2"
| #define ENABLE_NLS 1
| #define HAVE_GETTEXT 1
| #define HAVE_DCGETTEXT 1
| #define HAVE_LIBM 1
| #define HAVE_LIBSSL 1
| #define HAVE_LIBCURL 1
| #define HAVE_FCNTL_H 1
| #define HAVE_FLOAT_H 1
| #define HAVE_GLOB_H 1
| #define HAVE_LANGINFO_H 1
| #define HAVE_LIBINTL_H 1
| #define HAVE_LIMITS_H 1
| #define HAVE_LOCALE_H 1
| #define HAVE_MNTENT_H 1
| #define HAVE_NETINET_IN_H 1
| #define HAVE_NETINET_TCP_H 1
| #define HAVE_STDDEF_H 1
| #define HAVE_STRING_H 1
| #define HAVE_SYS_IOCTL_H 1
| /* end confdefs.h.  */
| #include <sys/mnttab.h>
configure:15017: result: no
configure:15017: checking for sys/mnttab.h
configure:15017: result: no
configure:15017: checking sys/mount.h usability
configure:15017: gcc -std=gnu99 -c -g -O2  conftest.c >&5
configure:15017: $? = 0
configure:15017: result: yes
configure:15017: checking sys/mount.h presence
configure:15017: gcc -E  conftest.c
configure:15017: $? = 0
configure:15017: result: yes
configure:15017: checking for sys/mount.h
configure:15017: result: yes
configure:15017: checking sys/param.h usability
configure:15017: gcc -std=gnu99 -c -g -O2  conftest.c >&5
configure:15017: $? = 0
configure:15017: result: yes
configure:15017: checking sys/param.h presence
configure:15017: gcc -E  conftest.c
configure:15017: $? = 0
configure:15017: result: yes
configure:15017: checking for sys/param.h
configure:15017: result: yes
configure:15017: checking sys/statvfs.h usability
configure:15017: gcc -std=gnu99 -c -g -O2  conftest.c >&5
configure:15017: $? = 0
configure:15017: result: yes
configure:15017: checking sys/statvfs.h presence
configure:15017: gcc -E  conftest.c
configure:15017: $? = 0
configure:15017: result: yes
configure:15017: checking for sys/statvfs.h
configure:15017: result: yes
configure:15017: checking sys/time.h usability
configure:15017: gcc -std=gnu99 -c -g -O2  conftest.c >&5
configure:15017: $? = 0
configure:15017: result: yes
configure:15017: checking sys/time.h presence
configure:15017: gcc -E  conftest.c
configure:15017: $? = 0
configure:15017: result: yes
configure:15017: checking for sys/time.h
configure:15017: result: yes
configure:15017: checking for sys/types.h
configure:15017: result: yes
configure:15017: checking sys/ucred.h usability
configure:15017: gcc -std=gnu99 -c -g -O2  conftest.c >&5
conftest.c:81:23: fatal error: sys/ucred.h: No such file or directory
 #include <sys/ucred.h>
                       ^
compilation terminated.
configure:15017: $? = 1
configure: failed program was:
| /* confdefs.h */
| #define PACKAGE_NAME "pacman"
| #define PACKAGE_TARNAME "pacman"
| #define PACKAGE_VERSION "4.1.2"
| #define PACKAGE_STRING "pacman 4.1.2"
| #define PACKAGE_BUGREPORT "pacman-dev@archlinux.org"
| #define PACKAGE_URL ""
| #define PACKAGE "pacman"
| #define VERSION "4.1.2"
| #define STDC_HEADERS 1
| #define HAVE_SYS_TYPES_H 1
| #define HAVE_SYS_STAT_H 1
| #define HAVE_STDLIB_H 1
| #define HAVE_STRING_H 1
| #define HAVE_MEMORY_H 1
| #define HAVE_STRINGS_H 1
| #define HAVE_INTTYPES_H 1
| #define HAVE_STDINT_H 1
| #define HAVE_UNISTD_H 1
| #define HAVE_DLFCN_H 1
| #define LT_OBJDIR ".libs/"
| #define LIB_VERSION "8.0.2"
| #define ENABLE_NLS 1
| #define HAVE_GETTEXT 1
| #define HAVE_DCGETTEXT 1
| #define HAVE_LIBM 1
| #define HAVE_LIBSSL 1
| #define HAVE_LIBCURL 1
| #define HAVE_FCNTL_H 1
| #define HAVE_FLOAT_H 1
| #define HAVE_GLOB_H 1
| #define HAVE_LANGINFO_H 1
| #define HAVE_LIBINTL_H 1
| #define HAVE_LIMITS_H 1
| #define HAVE_LOCALE_H 1
| #define HAVE_MNTENT_H 1
| #define HAVE_NETINET_IN_H 1
| #define HAVE_NETINET_TCP_H 1
| #define HAVE_STDDEF_H 1
| #define HAVE_STRING_H 1
| #define HAVE_SYS_IOCTL_H 1
| #define HAVE_SYS_MOUNT_H 1
| #define HAVE_SYS_PARAM_H 1
| #define HAVE_SYS_STATVFS_H 1
| #define HAVE_SYS_TIME_H 1
| #define HAVE_SYS_TYPES_H 1
| /* end confdefs.h.  */
| #include <stdio.h>
| #ifdef HAVE_SYS_TYPES_H
| # include <sys/types.h>
| #endif
| #ifdef HAVE_SYS_STAT_H
| # include <sys/stat.h>
| #endif
| #ifdef STDC_HEADERS
| # include <stdlib.h>
| # include <stddef.h>
| #else
| # ifdef HAVE_STDLIB_H
| #  include <stdlib.h>
| # endif
| #endif
| #ifdef HAVE_STRING_H
| # if !defined STDC_HEADERS && defined HAVE_MEMORY_H
| #  include <memory.h>
| # endif
| # include <string.h>
| #endif
| #ifdef HAVE_STRINGS_H
| # include <strings.h>
| #endif
| #ifdef HAVE_INTTYPES_H
| # include <inttypes.h>
| #endif
| #ifdef HAVE_STDINT_H
| # include <stdint.h>
| #endif
| #ifdef HAVE_UNISTD_H
| # include <unistd.h>
| #endif
| #include <sys/ucred.h>
configure:15017: result: no
configure:15017: checking sys/ucred.h presence
configure:15017: gcc -E  conftest.c
conftest.c:48:23: fatal error: sys/ucred.h: No such file or directory
 #include <sys/ucred.h>
                       ^
compilation terminated.
configure:15017: $? = 1
configure: failed program was:
| /* confdefs.h */
| #define PACKAGE_NAME "pacman"
| #define PACKAGE_TARNAME "pacman"
| #define PACKAGE_VERSION "4.1.2"
| #define PACKAGE_STRING "pacman 4.1.2"
| #define PACKAGE_BUGREPORT "pacman-dev@archlinux.org"
| #define PACKAGE_URL ""
| #define PACKAGE "pacman"
| #define VERSION "4.1.2"
| #define STDC_HEADERS 1
| #define HAVE_SYS_TYPES_H 1
| #define HAVE_SYS_STAT_H 1
| #define HAVE_STDLIB_H 1
| #define HAVE_STRING_H 1
| #define HAVE_MEMORY_H 1
| #define HAVE_STRINGS_H 1
| #define HAVE_INTTYPES_H 1
| #define HAVE_STDINT_H 1
| #define HAVE_UNISTD_H 1
| #define HAVE_DLFCN_H 1
| #define LT_OBJDIR ".libs/"
| #define LIB_VERSION "8.0.2"
| #define ENABLE_NLS 1
| #define HAVE_GETTEXT 1
| #define HAVE_DCGETTEXT 1
| #define HAVE_LIBM 1
| #define HAVE_LIBSSL 1
| #define HAVE_LIBCURL 1
| #define HAVE_FCNTL_H 1
| #define HAVE_FLOAT_H 1
| #define HAVE_GLOB_H 1
| #define HAVE_LANGINFO_H 1
| #define HAVE_LIBINTL_H 1
| #define HAVE_LIMITS_H 1
| #define HAVE_LOCALE_H 1
| #define HAVE_MNTENT_H 1
| #define HAVE_NETINET_IN_H 1
| #define HAVE_NETINET_TCP_H 1
| #define HAVE_STDDEF_H 1
| #define HAVE_STRING_H 1
| #define HAVE_SYS_IOCTL_H 1
| #define HAVE_SYS_MOUNT_H 1
| #define HAVE_SYS_PARAM_H 1
| #define HAVE_SYS_STATVFS_H 1
| #define HAVE_SYS_TIME_H 1
| #define HAVE_SYS_TYPES_H 1
| /* end confdefs.h.  */
| #include <sys/ucred.h>
configure:15017: result: no
configure:15017: checking for sys/ucred.h
configure:15017: result: no
configure:15017: checking syslog.h usability
configure:15017: gcc -std=gnu99 -c -g -O2  conftest.c >&5
configure:15017: $? = 0
configure:15017: result: yes
configure:15017: checking syslog.h presence
configure:15017: gcc -E  conftest.c
configure:15017: $? = 0
configure:15017: result: yes
configure:15017: checking for syslog.h
configure:15017: result: yes
configure:15017: checking termios.h usability
configure:15017: gcc -std=gnu99 -c -g -O2  conftest.c >&5
configure:15017: $? = 0
configure:15017: result: yes
configure:15017: checking termios.h presence
configure:15017: gcc -E  conftest.c
configure:15017: $? = 0
configure:15017: result: yes
configure:15017: checking for termios.h
configure:15017: result: yes
configure:15017: checking wchar.h usability
configure:15017: gcc -std=gnu99 -c -g -O2  conftest.c >&5
configure:15017: $? = 0
configure:15017: result: yes
configure:15017: checking wchar.h presence
configure:15017: gcc -E  conftest.c
configure:15017: $? = 0
configure:15017: result: yes
configure:15017: checking for wchar.h
configure:15017: result: yes
configure:15029: checking for inline
configure:15045: gcc -std=gnu99 -c -g -O2  conftest.c >&5
configure:15045: $? = 0
configure:15053: result: inline
configure:15071: checking for int64_t
configure:15071: gcc -std=gnu99 -c -g -O2  conftest.c >&5
configure:15071: $? = 0
configure:15071: gcc -std=gnu99 -c -g -O2  conftest.c >&5
conftest.c: In function 'main':
conftest.c:89:53: warning: integer overflow in expression [-Woverflow]
    < (int64_t) (((((int64_t) 1 << N) << N) - 1) * 2 + 2))];
                                                     ^
conftest.c:88:12: error: storage size of 'test_array' isn't constant
 static int test_array [1 - 2 * !((int64_t) (((((int64_t) 1 << N) << N) - 1) * 2 + 1)
            ^
configure:15071: $? = 1
configure: failed program was:
| /* confdefs.h */
| #define PACKAGE_NAME "pacman"
| #define PACKAGE_TARNAME "pacman"
| #define PACKAGE_VERSION "4.1.2"
| #define PACKAGE_STRING "pacman 4.1.2"
| #define PACKAGE_BUGREPORT "pacman-dev@archlinux.org"
| #define PACKAGE_URL ""
| #define PACKAGE "pacman"
| #define VERSION "4.1.2"
| #define STDC_HEADERS 1
| #define HAVE_SYS_TYPES_H 1
| #define HAVE_SYS_STAT_H 1
| #define HAVE_STDLIB_H 1
| #define HAVE_STRING_H 1
| #define HAVE_MEMORY_H 1
| #define HAVE_STRINGS_H 1
| #define HAVE_INTTYPES_H 1
| #define HAVE_STDINT_H 1
| #define HAVE_UNISTD_H 1
| #define HAVE_DLFCN_H 1
| #define LT_OBJDIR ".libs/"
| #define LIB_VERSION "8.0.2"
| #define ENABLE_NLS 1
| #define HAVE_GETTEXT 1
| #define HAVE_DCGETTEXT 1
| #define HAVE_LIBM 1
| #define HAVE_LIBSSL 1
| #define HAVE_LIBCURL 1
| #define HAVE_FCNTL_H 1
| #define HAVE_FLOAT_H 1
| #define HAVE_GLOB_H 1
| #define HAVE_LANGINFO_H 1
| #define HAVE_LIBINTL_H 1
| #define HAVE_LIMITS_H 1
| #define HAVE_LOCALE_H 1
| #define HAVE_MNTENT_H 1
| #define HAVE_NETINET_IN_H 1
| #define HAVE_NETINET_TCP_H 1
| #define HAVE_STDDEF_H 1
| #define HAVE_STRING_H 1
| #define HAVE_SYS_IOCTL_H 1
| #define HAVE_SYS_MOUNT_H 1
| #define HAVE_SYS_PARAM_H 1
| #define HAVE_SYS_STATVFS_H 1
| #define HAVE_SYS_TIME_H 1
| #define HAVE_SYS_TYPES_H 1
| #define HAVE_SYSLOG_H 1
| #define HAVE_TERMIOS_H 1
| #define HAVE_WCHAR_H 1
| /* end confdefs.h.  */
| #include <stdio.h>
| #ifdef HAVE_SYS_TYPES_H
| # include <sys/types.h>
| #endif
| #ifdef HAVE_SYS_STAT_H
| # include <sys/stat.h>
| #endif
| #ifdef STDC_HEADERS
| # include <stdlib.h>
| # include <stddef.h>
| #else
| # ifdef HAVE_STDLIB_H
| #  include <stdlib.h>
| # endif
| #endif
| #ifdef HAVE_STRING_H
| # if !defined STDC_HEADERS && defined HAVE_MEMORY_H
| #  include <memory.h>
| # endif
| # include <string.h>
| #endif
| #ifdef HAVE_STRINGS_H
| # include <strings.h>
| #endif
| #ifdef HAVE_INTTYPES_H
| # include <inttypes.h>
| #endif
| #ifdef HAVE_STDINT_H
| # include <stdint.h>
| #endif
| #ifdef HAVE_UNISTD_H
| # include <unistd.h>
| #endif
| 	        enum { N = 64 / 2 - 1 };
| int
| main ()
| {
| static int test_array [1 - 2 * !((int64_t) (((((int64_t) 1 << N) << N) - 1) * 2 + 1)
| 		 < (int64_t) (((((int64_t) 1 << N) << N) - 1) * 2 + 2))];
| test_array [0] = 0;
| return test_array [0];
| 
|   ;
|   return 0;
| }
configure:15071: result: yes
configure:15082: checking for mode_t
configure:15082: gcc -std=gnu99 -c -g -O2  conftest.c >&5
configure:15082: $? = 0
configure:15082: gcc -std=gnu99 -c -g -O2  conftest.c >&5
conftest.c: In function 'main':
conftest.c:87:21: error: expected expression before ')' token
 if (sizeof ((mode_t)))
                     ^
configure:15082: $? = 1
configure: failed program was:
| /* confdefs.h */
| #define PACKAGE_NAME "pacman"
| #define PACKAGE_TARNAME "pacman"
| #define PACKAGE_VERSION "4.1.2"
| #define PACKAGE_STRING "pacman 4.1.2"
| #define PACKAGE_BUGREPORT "pacman-dev@archlinux.org"
| #define PACKAGE_URL ""
| #define PACKAGE "pacman"
| #define VERSION "4.1.2"
| #define STDC_HEADERS 1
| #define HAVE_SYS_TYPES_H 1
| #define HAVE_SYS_STAT_H 1
| #define HAVE_STDLIB_H 1
| #define HAVE_STRING_H 1
| #define HAVE_MEMORY_H 1
| #define HAVE_STRINGS_H 1
| #define HAVE_INTTYPES_H 1
| #define HAVE_STDINT_H 1
| #define HAVE_UNISTD_H 1
| #define HAVE_DLFCN_H 1
| #define LT_OBJDIR ".libs/"
| #define LIB_VERSION "8.0.2"
| #define ENABLE_NLS 1
| #define HAVE_GETTEXT 1
| #define HAVE_DCGETTEXT 1
| #define HAVE_LIBM 1
| #define HAVE_LIBSSL 1
| #define HAVE_LIBCURL 1
| #define HAVE_FCNTL_H 1
| #define HAVE_FLOAT_H 1
| #define HAVE_GLOB_H 1
| #define HAVE_LANGINFO_H 1
| #define HAVE_LIBINTL_H 1
| #define HAVE_LIMITS_H 1
| #define HAVE_LOCALE_H 1
| #define HAVE_MNTENT_H 1
| #define HAVE_NETINET_IN_H 1
| #define HAVE_NETINET_TCP_H 1
| #define HAVE_STDDEF_H 1
| #define HAVE_STRING_H 1
| #define HAVE_SYS_IOCTL_H 1
| #define HAVE_SYS_MOUNT_H 1
| #define HAVE_SYS_PARAM_H 1
| #define HAVE_SYS_STATVFS_H 1
| #define HAVE_SYS_TIME_H 1
| #define HAVE_SYS_TYPES_H 1
| #define HAVE_SYSLOG_H 1
| #define HAVE_TERMIOS_H 1
| #define HAVE_WCHAR_H 1
| /* end confdefs.h.  */
| #include <stdio.h>
| #ifdef HAVE_SYS_TYPES_H
| # include <sys/types.h>
| #endif
| #ifdef HAVE_SYS_STAT_H
| # include <sys/stat.h>
| #endif
| #ifdef STDC_HEADERS
| # include <stdlib.h>
| # include <stddef.h>
| #else
| # ifdef HAVE_STDLIB_H
| #  include <stdlib.h>
| # endif
| #endif
| #ifdef HAVE_STRING_H
| # if !defined STDC_HEADERS && defined HAVE_MEMORY_H
| #  include <memory.h>
| # endif
| # include <string.h>
| #endif
| #ifdef HAVE_STRINGS_H
| # include <strings.h>
| #endif
| #ifdef HAVE_INTTYPES_H
| # include <inttypes.h>
| #endif
| #ifdef HAVE_STDINT_H
| # include <stdint.h>
| #endif
| #ifdef HAVE_UNISTD_H
| # include <unistd.h>
| #endif
| int
| main ()
| {
| if (sizeof ((mode_t)))
| 	    return 0;
|   ;
|   return 0;
| }
configure:15082: result: yes
configure:15093: checking for off_t
configure:15093: gcc -std=gnu99 -c -g -O2  conftest.c >&5
configure:15093: $? = 0
configure:15093: gcc -std=gnu99 -c -g -O2  conftest.c >&5
conftest.c: In function 'main':
conftest.c:87:20: error: expected expression before ')' token
 if (sizeof ((off_t)))
                    ^
configure:15093: $? = 1
configure: failed program was:
| /* confdefs.h */
| #define PACKAGE_NAME "pacman"
| #define PACKAGE_TARNAME "pacman"
| #define PACKAGE_VERSION "4.1.2"
| #define PACKAGE_STRING "pacman 4.1.2"
| #define PACKAGE_BUGREPORT "pacman-dev@archlinux.org"
| #define PACKAGE_URL ""
| #define PACKAGE "pacman"
| #define VERSION "4.1.2"
| #define STDC_HEADERS 1
| #define HAVE_SYS_TYPES_H 1
| #define HAVE_SYS_STAT_H 1
| #define HAVE_STDLIB_H 1
| #define HAVE_STRING_H 1
| #define HAVE_MEMORY_H 1
| #define HAVE_STRINGS_H 1
| #define HAVE_INTTYPES_H 1
| #define HAVE_STDINT_H 1
| #define HAVE_UNISTD_H 1
| #define HAVE_DLFCN_H 1
| #define LT_OBJDIR ".libs/"
| #define LIB_VERSION "8.0.2"
| #define ENABLE_NLS 1
| #define HAVE_GETTEXT 1
| #define HAVE_DCGETTEXT 1
| #define HAVE_LIBM 1
| #define HAVE_LIBSSL 1
| #define HAVE_LIBCURL 1
| #define HAVE_FCNTL_H 1
| #define HAVE_FLOAT_H 1
| #define HAVE_GLOB_H 1
| #define HAVE_LANGINFO_H 1
| #define HAVE_LIBINTL_H 1
| #define HAVE_LIMITS_H 1
| #define HAVE_LOCALE_H 1
| #define HAVE_MNTENT_H 1
| #define HAVE_NETINET_IN_H 1
| #define HAVE_NETINET_TCP_H 1
| #define HAVE_STDDEF_H 1
| #define HAVE_STRING_H 1
| #define HAVE_SYS_IOCTL_H 1
| #define HAVE_SYS_MOUNT_H 1
| #define HAVE_SYS_PARAM_H 1
| #define HAVE_SYS_STATVFS_H 1
| #define HAVE_SYS_TIME_H 1
| #define HAVE_SYS_TYPES_H 1
| #define HAVE_SYSLOG_H 1
| #define HAVE_TERMIOS_H 1
| #define HAVE_WCHAR_H 1
| /* end confdefs.h.  */
| #include <stdio.h>
| #ifdef HAVE_SYS_TYPES_H
| # include <sys/types.h>
| #endif
| #ifdef HAVE_SYS_STAT_H
| # include <sys/stat.h>
| #endif
| #ifdef STDC_HEADERS
| # include <stdlib.h>
| # include <stddef.h>
| #else
| # ifdef HAVE_STDLIB_H
| #  include <stdlib.h>
| # endif
| #endif
| #ifdef HAVE_STRING_H
| # if !defined STDC_HEADERS && defined HAVE_MEMORY_H
| #  include <memory.h>
| # endif
| # include <string.h>
| #endif
| #ifdef HAVE_STRINGS_H
| # include <strings.h>
| #endif
| #ifdef HAVE_INTTYPES_H
| # include <inttypes.h>
| #endif
| #ifdef HAVE_STDINT_H
| # include <stdint.h>
| #endif
| #ifdef HAVE_UNISTD_H
| # include <unistd.h>
| #endif
| int
| main ()
| {
| if (sizeof ((off_t)))
| 	    return 0;
|   ;
|   return 0;
| }
configure:15093: result: yes
configure:15104: checking for pid_t
configure:15104: gcc -std=gnu99 -c -g -O2  conftest.c >&5
configure:15104: $? = 0
configure:15104: gcc -std=gnu99 -c -g -O2  conftest.c >&5
conftest.c: In function 'main':
conftest.c:87:20: error: expected expression before ')' token
 if (sizeof ((pid_t)))
                    ^
configure:15104: $? = 1
configure: failed program was:
| /* confdefs.h */
| #define PACKAGE_NAME "pacman"
| #define PACKAGE_TARNAME "pacman"
| #define PACKAGE_VERSION "4.1.2"
| #define PACKAGE_STRING "pacman 4.1.2"
| #define PACKAGE_BUGREPORT "pacman-dev@archlinux.org"
| #define PACKAGE_URL ""
| #define PACKAGE "pacman"
| #define VERSION "4.1.2"
| #define STDC_HEADERS 1
| #define HAVE_SYS_TYPES_H 1
| #define HAVE_SYS_STAT_H 1
| #define HAVE_STDLIB_H 1
| #define HAVE_STRING_H 1
| #define HAVE_MEMORY_H 1
| #define HAVE_STRINGS_H 1
| #define HAVE_INTTYPES_H 1
| #define HAVE_STDINT_H 1
| #define HAVE_UNISTD_H 1
| #define HAVE_DLFCN_H 1
| #define LT_OBJDIR ".libs/"
| #define LIB_VERSION "8.0.2"
| #define ENABLE_NLS 1
| #define HAVE_GETTEXT 1
| #define HAVE_DCGETTEXT 1
| #define HAVE_LIBM 1
| #define HAVE_LIBSSL 1
| #define HAVE_LIBCURL 1
| #define HAVE_FCNTL_H 1
| #define HAVE_FLOAT_H 1
| #define HAVE_GLOB_H 1
| #define HAVE_LANGINFO_H 1
| #define HAVE_LIBINTL_H 1
| #define HAVE_LIMITS_H 1
| #define HAVE_LOCALE_H 1
| #define HAVE_MNTENT_H 1
| #define HAVE_NETINET_IN_H 1
| #define HAVE_NETINET_TCP_H 1
| #define HAVE_STDDEF_H 1
| #define HAVE_STRING_H 1
| #define HAVE_SYS_IOCTL_H 1
| #define HAVE_SYS_MOUNT_H 1
| #define HAVE_SYS_PARAM_H 1
| #define HAVE_SYS_STATVFS_H 1
| #define HAVE_SYS_TIME_H 1
| #define HAVE_SYS_TYPES_H 1
| #define HAVE_SYSLOG_H 1
| #define HAVE_TERMIOS_H 1
| #define HAVE_WCHAR_H 1
| /* end confdefs.h.  */
| #include <stdio.h>
| #ifdef HAVE_SYS_TYPES_H
| # include <sys/types.h>
| #endif
| #ifdef HAVE_SYS_STAT_H
| # include <sys/stat.h>
| #endif
| #ifdef STDC_HEADERS
| # include <stdlib.h>
| # include <stddef.h>
| #else
| # ifdef HAVE_STDLIB_H
| #  include <stdlib.h>
| # endif
| #endif
| #ifdef HAVE_STRING_H
| # if !defined STDC_HEADERS && defined HAVE_MEMORY_H
| #  include <memory.h>
| # endif
| # include <string.h>
| #endif
| #ifdef HAVE_STRINGS_H
| # include <strings.h>
| #endif
| #ifdef HAVE_INTTYPES_H
| # include <inttypes.h>
| #endif
| #ifdef HAVE_STDINT_H
| # include <stdint.h>
| #endif
| #ifdef HAVE_UNISTD_H
| # include <unistd.h>
| #endif
| int
| main ()
| {
| if (sizeof ((pid_t)))
| 	    return 0;
|   ;
|   return 0;
| }
configure:15104: result: yes
configure:15115: checking for size_t
configure:15115: gcc -std=gnu99 -c -g -O2  conftest.c >&5
configure:15115: $? = 0
configure:15115: gcc -std=gnu99 -c -g -O2  conftest.c >&5
conftest.c: In function 'main':
conftest.c:87:21: error: expected expression before ')' token
 if (sizeof ((size_t)))
                     ^
configure:15115: $? = 1
configure: failed program was:
| /* confdefs.h */
| #define PACKAGE_NAME "pacman"
| #define PACKAGE_TARNAME "pacman"
| #define PACKAGE_VERSION "4.1.2"
| #define PACKAGE_STRING "pacman 4.1.2"
| #define PACKAGE_BUGREPORT "pacman-dev@archlinux.org"
| #define PACKAGE_URL ""
| #define PACKAGE "pacman"
| #define VERSION "4.1.2"
| #define STDC_HEADERS 1
| #define HAVE_SYS_TYPES_H 1
| #define HAVE_SYS_STAT_H 1
| #define HAVE_STDLIB_H 1
| #define HAVE_STRING_H 1
| #define HAVE_MEMORY_H 1
| #define HAVE_STRINGS_H 1
| #define HAVE_INTTYPES_H 1
| #define HAVE_STDINT_H 1
| #define HAVE_UNISTD_H 1
| #define HAVE_DLFCN_H 1
| #define LT_OBJDIR ".libs/"
| #define LIB_VERSION "8.0.2"
| #define ENABLE_NLS 1
| #define HAVE_GETTEXT 1
| #define HAVE_DCGETTEXT 1
| #define HAVE_LIBM 1
| #define HAVE_LIBSSL 1
| #define HAVE_LIBCURL 1
| #define HAVE_FCNTL_H 1
| #define HAVE_FLOAT_H 1
| #define HAVE_GLOB_H 1
| #define HAVE_LANGINFO_H 1
| #define HAVE_LIBINTL_H 1
| #define HAVE_LIMITS_H 1
| #define HAVE_LOCALE_H 1
| #define HAVE_MNTENT_H 1
| #define HAVE_NETINET_IN_H 1
| #define HAVE_NETINET_TCP_H 1
| #define HAVE_STDDEF_H 1
| #define HAVE_STRING_H 1
| #define HAVE_SYS_IOCTL_H 1
| #define HAVE_SYS_MOUNT_H 1
| #define HAVE_SYS_PARAM_H 1
| #define HAVE_SYS_STATVFS_H 1
| #define HAVE_SYS_TIME_H 1
| #define HAVE_SYS_TYPES_H 1
| #define HAVE_SYSLOG_H 1
| #define HAVE_TERMIOS_H 1
| #define HAVE_WCHAR_H 1
| /* end confdefs.h.  */
| #include <stdio.h>
| #ifdef HAVE_SYS_TYPES_H
| # include <sys/types.h>
| #endif
| #ifdef HAVE_SYS_STAT_H
| # include <sys/stat.h>
| #endif
| #ifdef STDC_HEADERS
| # include <stdlib.h>
| # include <stddef.h>
| #else
| # ifdef HAVE_STDLIB_H
| #  include <stdlib.h>
| # endif
| #endif
| #ifdef HAVE_STRING_H
| # if !defined STDC_HEADERS && defined HAVE_MEMORY_H
| #  include <memory.h>
| # endif
| # include <string.h>
| #endif
| #ifdef HAVE_STRINGS_H
| # include <strings.h>
| #endif
| #ifdef HAVE_INTTYPES_H
| # include <inttypes.h>
| #endif
| #ifdef HAVE_STDINT_H
| # include <stdint.h>
| #endif
| #ifdef HAVE_UNISTD_H
| # include <unistd.h>
| #endif
| int
| main ()
| {
| if (sizeof ((size_t)))
| 	    return 0;
|   ;
|   return 0;
| }
configure:15115: result: yes
configure:15126: checking for ssize_t
configure:15126: gcc -std=gnu99 -c -g -O2  conftest.c >&5
configure:15126: $? = 0
configure:15126: gcc -std=gnu99 -c -g -O2  conftest.c >&5
conftest.c: In function 'main':
conftest.c:87:22: error: expected expression before ')' token
 if (sizeof ((ssize_t)))
                      ^
configure:15126: $? = 1
configure: failed program was:
| /* confdefs.h */
| #define PACKAGE_NAME "pacman"
| #define PACKAGE_TARNAME "pacman"
| #define PACKAGE_VERSION "4.1.2"
| #define PACKAGE_STRING "pacman 4.1.2"
| #define PACKAGE_BUGREPORT "pacman-dev@archlinux.org"
| #define PACKAGE_URL ""
| #define PACKAGE "pacman"
| #define VERSION "4.1.2"
| #define STDC_HEADERS 1
| #define HAVE_SYS_TYPES_H 1
| #define HAVE_SYS_STAT_H 1
| #define HAVE_STDLIB_H 1
| #define HAVE_STRING_H 1
| #define HAVE_MEMORY_H 1
| #define HAVE_STRINGS_H 1
| #define HAVE_INTTYPES_H 1
| #define HAVE_STDINT_H 1
| #define HAVE_UNISTD_H 1
| #define HAVE_DLFCN_H 1
| #define LT_OBJDIR ".libs/"
| #define LIB_VERSION "8.0.2"
| #define ENABLE_NLS 1
| #define HAVE_GETTEXT 1
| #define HAVE_DCGETTEXT 1
| #define HAVE_LIBM 1
| #define HAVE_LIBSSL 1
| #define HAVE_LIBCURL 1
| #define HAVE_FCNTL_H 1
| #define HAVE_FLOAT_H 1
| #define HAVE_GLOB_H 1
| #define HAVE_LANGINFO_H 1
| #define HAVE_LIBINTL_H 1
| #define HAVE_LIMITS_H 1
| #define HAVE_LOCALE_H 1
| #define HAVE_MNTENT_H 1
| #define HAVE_NETINET_IN_H 1
| #define HAVE_NETINET_TCP_H 1
| #define HAVE_STDDEF_H 1
| #define HAVE_STRING_H 1
| #define HAVE_SYS_IOCTL_H 1
| #define HAVE_SYS_MOUNT_H 1
| #define HAVE_SYS_PARAM_H 1
| #define HAVE_SYS_STATVFS_H 1
| #define HAVE_SYS_TIME_H 1
| #define HAVE_SYS_TYPES_H 1
| #define HAVE_SYSLOG_H 1
| #define HAVE_TERMIOS_H 1
| #define HAVE_WCHAR_H 1
| /* end confdefs.h.  */
| #include <stdio.h>
| #ifdef HAVE_SYS_TYPES_H
| # include <sys/types.h>
| #endif
| #ifdef HAVE_SYS_STAT_H
| # include <sys/stat.h>
| #endif
| #ifdef STDC_HEADERS
| # include <stdlib.h>
| # include <stddef.h>
| #else
| # ifdef HAVE_STDLIB_H
| #  include <stdlib.h>
| # endif
| #endif
| #ifdef HAVE_STRING_H
| # if !defined STDC_HEADERS && defined HAVE_MEMORY_H
| #  include <memory.h>
| # endif
| # include <string.h>
| #endif
| #ifdef HAVE_STRINGS_H
| # include <strings.h>
| #endif
| #ifdef HAVE_INTTYPES_H
| # include <inttypes.h>
| #endif
| #ifdef HAVE_STDINT_H
| # include <stdint.h>
| #endif
| #ifdef HAVE_UNISTD_H
| # include <unistd.h>
| #endif
| int
| main ()
| {
| if (sizeof ((ssize_t)))
| 	    return 0;
|   ;
|   return 0;
| }
configure:15126: result: yes
configure:15137: checking whether struct tm is in sys/time.h or time.h
configure:15157: gcc -std=gnu99 -c -g -O2  conftest.c >&5
configure:15157: $? = 0
configure:15164: result: time.h
configure:15172: checking for uid_t in sys/types.h
configure:15191: result: yes
configure:15205: checking for dirent.h that defines DIR
configure:15224: gcc -std=gnu99 -c -g -O2  conftest.c >&5
configure:15224: $? = 0
configure:15232: result: yes
configure:15245: checking for library containing opendir
configure:15276: gcc -std=gnu99 -o conftest -g -O2   conftest.c -lm  >&5
configure:15276: $? = 0
configure:15293: result: none required
configure:15362: checking for struct dirent.d_type
configure:15362: gcc -std=gnu99 -c -g -O2  conftest.c >&5
configure:15362: $? = 0
configure:15362: result: yes
configure:15390: checking PATH_MAX defined
configure:15414: result: yes
configure:15426: checking vfork.h usability
configure:15426: gcc -std=gnu99 -c -g -O2  conftest.c >&5
conftest.c:86:19: fatal error: vfork.h: No such file or directory
 #include <vfork.h>
                   ^
compilation terminated.
configure:15426: $? = 1
configure: failed program was:
| /* confdefs.h */
| #define PACKAGE_NAME "pacman"
| #define PACKAGE_TARNAME "pacman"
| #define PACKAGE_VERSION "4.1.2"
| #define PACKAGE_STRING "pacman 4.1.2"
| #define PACKAGE_BUGREPORT "pacman-dev@archlinux.org"
| #define PACKAGE_URL ""
| #define PACKAGE "pacman"
| #define VERSION "4.1.2"
| #define STDC_HEADERS 1
| #define HAVE_SYS_TYPES_H 1
| #define HAVE_SYS_STAT_H 1
| #define HAVE_STDLIB_H 1
| #define HAVE_STRING_H 1
| #define HAVE_MEMORY_H 1
| #define HAVE_STRINGS_H 1
| #define HAVE_INTTYPES_H 1
| #define HAVE_STDINT_H 1
| #define HAVE_UNISTD_H 1
| #define HAVE_DLFCN_H 1
| #define LT_OBJDIR ".libs/"
| #define LIB_VERSION "8.0.2"
| #define ENABLE_NLS 1
| #define HAVE_GETTEXT 1
| #define HAVE_DCGETTEXT 1
| #define HAVE_LIBM 1
| #define HAVE_LIBSSL 1
| #define HAVE_LIBCURL 1
| #define HAVE_FCNTL_H 1
| #define HAVE_FLOAT_H 1
| #define HAVE_GLOB_H 1
| #define HAVE_LANGINFO_H 1
| #define HAVE_LIBINTL_H 1
| #define HAVE_LIMITS_H 1
| #define HAVE_LOCALE_H 1
| #define HAVE_MNTENT_H 1
| #define HAVE_NETINET_IN_H 1
| #define HAVE_NETINET_TCP_H 1
| #define HAVE_STDDEF_H 1
| #define HAVE_STRING_H 1
| #define HAVE_SYS_IOCTL_H 1
| #define HAVE_SYS_MOUNT_H 1
| #define HAVE_SYS_PARAM_H 1
| #define HAVE_SYS_STATVFS_H 1
| #define HAVE_SYS_TIME_H 1
| #define HAVE_SYS_TYPES_H 1
| #define HAVE_SYSLOG_H 1
| #define HAVE_TERMIOS_H 1
| #define HAVE_WCHAR_H 1
| #define HAVE_DIRENT_H 1
| #define HAVE_STRUCT_DIRENT_D_TYPE 1
| /* end confdefs.h.  */
| #include <stdio.h>
| #ifdef HAVE_SYS_TYPES_H
| # include <sys/types.h>
| #endif
| #ifdef HAVE_SYS_STAT_H
| # include <sys/stat.h>
| #endif
| #ifdef STDC_HEADERS
| # include <stdlib.h>
| # include <stddef.h>
| #else
| # ifdef HAVE_STDLIB_H
| #  include <stdlib.h>
| # endif
| #endif
| #ifdef HAVE_STRING_H
| # if !defined STDC_HEADERS && defined HAVE_MEMORY_H
| #  include <memory.h>
| # endif
| # include <string.h>
| #endif
| #ifdef HAVE_STRINGS_H
| # include <strings.h>
| #endif
| #ifdef HAVE_INTTYPES_H
| # include <inttypes.h>
| #endif
| #ifdef HAVE_STDINT_H
| # include <stdint.h>
| #endif
| #ifdef HAVE_UNISTD_H
| # include <unistd.h>
| #endif
| #include <vfork.h>
configure:15426: result: no
configure:15426: checking vfork.h presence
configure:15426: gcc -E  conftest.c
conftest.c:53:19: fatal error: vfork.h: No such file or directory
 #include <vfork.h>
                   ^
compilation terminated.
configure:15426: $? = 1
configure: failed program was:
| /* confdefs.h */
| #define PACKAGE_NAME "pacman"
| #define PACKAGE_TARNAME "pacman"
| #define PACKAGE_VERSION "4.1.2"
| #define PACKAGE_STRING "pacman 4.1.2"
| #define PACKAGE_BUGREPORT "pacman-dev@archlinux.org"
| #define PACKAGE_URL ""
| #define PACKAGE "pacman"
| #define VERSION "4.1.2"
| #define STDC_HEADERS 1
| #define HAVE_SYS_TYPES_H 1
| #define HAVE_SYS_STAT_H 1
| #define HAVE_STDLIB_H 1
| #define HAVE_STRING_H 1
| #define HAVE_MEMORY_H 1
| #define HAVE_STRINGS_H 1
| #define HAVE_INTTYPES_H 1
| #define HAVE_STDINT_H 1
| #define HAVE_UNISTD_H 1
| #define HAVE_DLFCN_H 1
| #define LT_OBJDIR ".libs/"
| #define LIB_VERSION "8.0.2"
| #define ENABLE_NLS 1
| #define HAVE_GETTEXT 1
| #define HAVE_DCGETTEXT 1
| #define HAVE_LIBM 1
| #define HAVE_LIBSSL 1
| #define HAVE_LIBCURL 1
| #define HAVE_FCNTL_H 1
| #define HAVE_FLOAT_H 1
| #define HAVE_GLOB_H 1
| #define HAVE_LANGINFO_H 1
| #define HAVE_LIBINTL_H 1
| #define HAVE_LIMITS_H 1
| #define HAVE_LOCALE_H 1
| #define HAVE_MNTENT_H 1
| #define HAVE_NETINET_IN_H 1
| #define HAVE_NETINET_TCP_H 1
| #define HAVE_STDDEF_H 1
| #define HAVE_STRING_H 1
| #define HAVE_SYS_IOCTL_H 1
| #define HAVE_SYS_MOUNT_H 1
| #define HAVE_SYS_PARAM_H 1
| #define HAVE_SYS_STATVFS_H 1
| #define HAVE_SYS_TIME_H 1
| #define HAVE_SYS_TYPES_H 1
| #define HAVE_SYSLOG_H 1
| #define HAVE_TERMIOS_H 1
| #define HAVE_WCHAR_H 1
| #define HAVE_DIRENT_H 1
| #define HAVE_STRUCT_DIRENT_D_TYPE 1
| /* end confdefs.h.  */
| #include <vfork.h>
configure:15426: result: no
configure:15426: checking for vfork.h
configure:15426: result: no
configure:15439: checking for fork
configure:15439: gcc -std=gnu99 -o conftest -g -O2   conftest.c -lm  >&5
conftest.c:76:6: warning: conflicting types for built-in function 'fork' [enabled by default]
 char fork ();
      ^
configure:15439: $? = 0
configure:15439: result: yes
configure:15439: checking for vfork
configure:15439: gcc -std=gnu99 -o conftest -g -O2   conftest.c -lm  >&5
configure:15439: $? = 0
configure:15439: result: yes
configure:15449: checking for working fork
configure:15471: gcc -std=gnu99 -o conftest -g -O2   conftest.c -lm  >&5
configure:15471: $? = 0
configure:15471: ./conftest
configure:15471: $? = 0
configure:15481: result: yes
configure:15502: checking for working vfork
configure:15612: result: yes
configure:15639: checking for library containing getmntent
configure:15670: gcc -std=gnu99 -o conftest -g -O2   conftest.c -lm  >&5
configure:15670: $? = 0
configure:15687: result: none required
configure:15701: checking whether lstat correctly handles trailing slash
configure:15727: gcc -std=gnu99 -o conftest -g -O2   conftest.c -lm  >&5
configure:15727: $? = 0
configure:15727: ./conftest
configure:15727: $? = 0
configure:15744: result: yes
configure:15765: checking for stdlib.h
configure:15765: result: yes
configure:15775: checking for GNU libc compatible malloc
configure:15799: gcc -std=gnu99 -o conftest -g -O2   conftest.c -lm  >&5
configure:15799: $? = 0
configure:15799: ./conftest
configure:15799: $? = 0
configure:15809: result: yes
configure:15830: checking whether time.h and sys/time.h may both be included
configure:15850: gcc -std=gnu99 -c -g -O2  conftest.c >&5
configure:15850: $? = 0
configure:15857: result: yes
configure:15871: checking for sys/time.h
configure:15871: result: yes
configure:15871: checking for unistd.h
configure:15871: result: yes
configure:15892: checking for alarm
configure:15892: gcc -std=gnu99 -o conftest -g -O2   conftest.c -lm  >&5
configure:15892: $? = 0
configure:15892: result: yes
configure:15905: checking for working mktime
configure:16107: gcc -std=gnu99 -o conftest -g -O2   conftest.c -lm  >&5
configure:16107: $? = 0
configure:16107: ./conftest
configure:16107: $? = 0
configure:16117: result: yes
configure:16128: checking for working strcoll
configure:16149: gcc -std=gnu99 -o conftest -g -O2   conftest.c -lm  >&5
configure:16149: $? = 0
configure:16149: ./conftest
configure:16149: $? = 0
configure:16159: result: yes
configure:16173: checking for dup2
configure:16173: gcc -std=gnu99 -o conftest -g -O2   conftest.c -lm  >&5
configure:16173: $? = 0
configure:16173: result: yes
configure:16173: checking for getcwd
configure:16173: gcc -std=gnu99 -o conftest -g -O2   conftest.c -lm  >&5
configure:16173: $? = 0
configure:16173: result: yes
configure:16173: checking for getmntinfo
configure:16173: gcc -std=gnu99 -o conftest -g -O2   conftest.c -lm  >&5
/tmp/ccKM2u5l.o: In function `main':
/root/work/aaa-archlinux-pacman/tmptmp/archlinux-pacman-4.1.2/conftest.c:102: undefined reference to `getmntinfo'
collect2: error: ld returned 1 exit status
configure:16173: $? = 1
configure: failed program was:
| /* confdefs.h */
| #define PACKAGE_NAME "pacman"
| #define PACKAGE_TARNAME "pacman"
| #define PACKAGE_VERSION "4.1.2"
| #define PACKAGE_STRING "pacman 4.1.2"
| #define PACKAGE_BUGREPORT "pacman-dev@archlinux.org"
| #define PACKAGE_URL ""
| #define PACKAGE "pacman"
| #define VERSION "4.1.2"
| #define STDC_HEADERS 1
| #define HAVE_SYS_TYPES_H 1
| #define HAVE_SYS_STAT_H 1
| #define HAVE_STDLIB_H 1
| #define HAVE_STRING_H 1
| #define HAVE_MEMORY_H 1
| #define HAVE_STRINGS_H 1
| #define HAVE_INTTYPES_H 1
| #define HAVE_STDINT_H 1
| #define HAVE_UNISTD_H 1
| #define HAVE_DLFCN_H 1
| #define LT_OBJDIR ".libs/"
| #define LIB_VERSION "8.0.2"
| #define ENABLE_NLS 1
| #define HAVE_GETTEXT 1
| #define HAVE_DCGETTEXT 1
| #define HAVE_LIBM 1
| #define HAVE_LIBSSL 1
| #define HAVE_LIBCURL 1
| #define HAVE_FCNTL_H 1
| #define HAVE_FLOAT_H 1
| #define HAVE_GLOB_H 1
| #define HAVE_LANGINFO_H 1
| #define HAVE_LIBINTL_H 1
| #define HAVE_LIMITS_H 1
| #define HAVE_LOCALE_H 1
| #define HAVE_MNTENT_H 1
| #define HAVE_NETINET_IN_H 1
| #define HAVE_NETINET_TCP_H 1
| #define HAVE_STDDEF_H 1
| #define HAVE_STRING_H 1
| #define HAVE_SYS_IOCTL_H 1
| #define HAVE_SYS_MOUNT_H 1
| #define HAVE_SYS_PARAM_H 1
| #define HAVE_SYS_STATVFS_H 1
| #define HAVE_SYS_TIME_H 1
| #define HAVE_SYS_TYPES_H 1
| #define HAVE_SYSLOG_H 1
| #define HAVE_TERMIOS_H 1
| #define HAVE_WCHAR_H 1
| #define HAVE_DIRENT_H 1
| #define HAVE_STRUCT_DIRENT_D_TYPE 1
| #define HAVE_FORK 1
| #define HAVE_VFORK 1
| #define HAVE_WORKING_VFORK 1
| #define HAVE_WORKING_FORK 1
| #define HAVE_GETMNTENT 1
| #define LSTAT_FOLLOWS_SLASHED_SYMLINK 1
| #define HAVE_STDLIB_H 1
| #define HAVE_MALLOC 1
| #define TIME_WITH_SYS_TIME 1
| #define HAVE_SYS_TIME_H 1
| #define HAVE_UNISTD_H 1
| #define HAVE_ALARM 1
| #define HAVE_STRCOLL 1
| #define HAVE_DUP2 1
| #define HAVE_GETCWD 1
| /* end confdefs.h.  */
| /* Define getmntinfo to an innocuous variant, in case <limits.h> declares getmntinfo.
|    For example, HP-UX 11i <limits.h> declares gettimeofday.  */
| #define getmntinfo innocuous_getmntinfo
| 
| /* System header to define __stub macros and hopefully few prototypes,
|     which can conflict with char getmntinfo (); below.
|     Prefer <limits.h> to <assert.h> if __STDC__ is defined, since
|     <limits.h> exists even on freestanding compilers.  */
| 
| #ifdef __STDC__
| # include <limits.h>
| #else
| # include <assert.h>
| #endif
| 
| #undef getmntinfo
| 
| /* Override any GCC internal prototype to avoid an error.
|    Use char because int might match the return type of a GCC
|    builtin and then its argument prototype would still apply.  */
| #ifdef __cplusplus
| extern "C"
| #endif
| char getmntinfo ();
| /* The GNU C library defines this for functions which it implements
|     to always fail with ENOSYS.  Some functions are actually named
|     something starting with __ and the normal name is an alias.  */
| #if defined __stub_getmntinfo || defined __stub___getmntinfo
| choke me
| #endif
| 
| int
| main ()
| {
| return getmntinfo ();
|   ;
|   return 0;
| }
configure:16173: result: no
configure:16173: checking for gettimeofday
configure:16173: gcc -std=gnu99 -o conftest -g -O2   conftest.c -lm  >&5
configure:16173: $? = 0
configure:16173: result: yes
configure:16173: checking for memmove
configure:16173: gcc -std=gnu99 -o conftest -g -O2   conftest.c -lm  >&5
conftest.c:92:6: warning: conflicting types for built-in function 'memmove' [enabled by default]
 char memmove ();
      ^
configure:16173: $? = 0
configure:16173: result: yes
configure:16173: checking for memset
configure:16173: gcc -std=gnu99 -o conftest -g -O2   conftest.c -lm  >&5
conftest.c:93:6: warning: conflicting types for built-in function 'memset' [enabled by default]
 char memset ();
      ^
configure:16173: $? = 0
configure:16173: result: yes
configure:16173: checking for mkdir
configure:16173: gcc -std=gnu99 -o conftest -g -O2   conftest.c -lm  >&5
configure:16173: $? = 0
configure:16173: result: yes
configure:16173: checking for realpath
configure:16173: gcc -std=gnu99 -o conftest -g -O2   conftest.c -lm  >&5
configure:16173: $? = 0
configure:16173: result: yes
configure:16173: checking for regcomp
configure:16173: gcc -std=gnu99 -o conftest -g -O2   conftest.c -lm  >&5
configure:16173: $? = 0
configure:16173: result: yes
configure:16173: checking for rmdir
configure:16173: gcc -std=gnu99 -o conftest -g -O2   conftest.c -lm  >&5
configure:16173: $? = 0
configure:16173: result: yes
configure:16173: checking for setenv
configure:16173: gcc -std=gnu99 -o conftest -g -O2   conftest.c -lm  >&5
configure:16173: $? = 0
configure:16173: result: yes
configure:16173: checking for setlocale
configure:16173: gcc -std=gnu99 -o conftest -g -O2   conftest.c -lm  >&5
configure:16173: $? = 0
configure:16173: result: yes
configure:16173: checking for strcasecmp
configure:16173: gcc -std=gnu99 -o conftest -g -O2   conftest.c -lm  >&5
conftest.c:100:6: warning: conflicting types for built-in function 'strcasecmp' [enabled by default]
 char strcasecmp ();
      ^
configure:16173: $? = 0
configure:16173: result: yes
configure:16173: checking for strchr
configure:16173: gcc -std=gnu99 -o conftest -g -O2   conftest.c -lm  >&5
conftest.c:101:6: warning: conflicting types for built-in function 'strchr' [enabled by default]
 char strchr ();
      ^
configure:16173: $? = 0
configure:16173: result: yes
configure:16173: checking for strcspn
configure:16173: gcc -std=gnu99 -o conftest -g -O2   conftest.c -lm  >&5
conftest.c:102:6: warning: conflicting types for built-in function 'strcspn' [enabled by default]
 char strcspn ();
      ^
configure:16173: $? = 0
configure:16173: result: yes
configure:16173: checking for strdup
configure:16173: gcc -std=gnu99 -o conftest -g -O2   conftest.c -lm  >&5
conftest.c:103:6: warning: conflicting types for built-in function 'strdup' [enabled by default]
 char strdup ();
      ^
configure:16173: $? = 0
configure:16173: result: yes
configure:16173: checking for strerror
configure:16173: gcc -std=gnu99 -o conftest -g -O2   conftest.c -lm  >&5
configure:16173: $? = 0
configure:16173: result: yes
configure:16173: checking for strndup
configure:16173: gcc -std=gnu99 -o conftest -g -O2   conftest.c -lm  >&5
conftest.c:105:6: warning: conflicting types for built-in function 'strndup' [enabled by default]
 char strndup ();
      ^
configure:16173: $? = 0
configure:16173: result: yes
configure:16173: checking for strrchr
configure:16173: gcc -std=gnu99 -o conftest -g -O2   conftest.c -lm  >&5
conftest.c:106:6: warning: conflicting types for built-in function 'strrchr' [enabled by default]
 char strrchr ();
      ^
configure:16173: $? = 0
configure:16173: result: yes
configure:16173: checking for strsep
configure:16173: gcc -std=gnu99 -o conftest -g -O2   conftest.c -lm  >&5
configure:16173: $? = 0
configure:16173: result: yes
configure:16173: checking for strstr
configure:16173: gcc -std=gnu99 -o conftest -g -O2   conftest.c -lm  >&5
conftest.c:108:6: warning: conflicting types for built-in function 'strstr' [enabled by default]
 char strstr ();
      ^
configure:16173: $? = 0
configure:16173: result: yes
configure:16173: checking for strtol
configure:16173: gcc -std=gnu99 -o conftest -g -O2   conftest.c -lm  >&5
configure:16173: $? = 0
configure:16173: result: yes
configure:16173: checking for swprintf
configure:16173: gcc -std=gnu99 -o conftest -g -O2   conftest.c -lm  >&5
configure:16173: $? = 0
configure:16173: result: yes
configure:16173: checking for tcflush
configure:16173: gcc -std=gnu99 -o conftest -g -O2   conftest.c -lm  >&5
configure:16173: $? = 0
configure:16173: result: yes
configure:16173: checking for wcwidth
configure:16173: gcc -std=gnu99 -o conftest -g -O2   conftest.c -lm  >&5
configure:16173: $? = 0
configure:16173: result: yes
configure:16173: checking for uname
configure:16173: gcc -std=gnu99 -o conftest -g -O2   conftest.c -lm  >&5
configure:16173: $? = 0
configure:16173: result: yes
configure:16182: checking for struct stat.st_blksize
configure:16182: gcc -std=gnu99 -c -g -O2  conftest.c >&5
configure:16182: $? = 0
configure:16182: result: yes
configure:16195: checking filesystem statistics type
configure:16200: checking for getmntinfo
configure:16200: result: no
configure:16227: checking for getmntent
configure:16227: result: yes
configure:16237: result: struct statvfs
configure:16256: checking for struct statvfs.f_flag
configure:16256: gcc -std=gnu99 -c -g -O2  conftest.c >&5
configure:16256: $? = 0
configure:16256: result: yes
configure:16267: checking for struct statfs.f_flags
configure:16267: gcc -std=gnu99 -c -g -O2  conftest.c >&5
conftest.c: In function 'main':
conftest.c:100:22: error: storage size of 'ac_aggr' isn't known
 static struct statfs ac_aggr;
                      ^
configure:16267: $? = 1
configure: failed program was:
| /* confdefs.h */
| #define PACKAGE_NAME "pacman"
| #define PACKAGE_TARNAME "pacman"
| #define PACKAGE_VERSION "4.1.2"
| #define PACKAGE_STRING "pacman 4.1.2"
| #define PACKAGE_BUGREPORT "pacman-dev@archlinux.org"
| #define PACKAGE_URL ""
| #define PACKAGE "pacman"
| #define VERSION "4.1.2"
| #define STDC_HEADERS 1
| #define HAVE_SYS_TYPES_H 1
| #define HAVE_SYS_STAT_H 1
| #define HAVE_STDLIB_H 1
| #define HAVE_STRING_H 1
| #define HAVE_MEMORY_H 1
| #define HAVE_STRINGS_H 1
| #define HAVE_INTTYPES_H 1
| #define HAVE_STDINT_H 1
| #define HAVE_UNISTD_H 1
| #define HAVE_DLFCN_H 1
| #define LT_OBJDIR ".libs/"
| #define LIB_VERSION "8.0.2"
| #define ENABLE_NLS 1
| #define HAVE_GETTEXT 1
| #define HAVE_DCGETTEXT 1
| #define HAVE_LIBM 1
| #define HAVE_LIBSSL 1
| #define HAVE_LIBCURL 1
| #define HAVE_FCNTL_H 1
| #define HAVE_FLOAT_H 1
| #define HAVE_GLOB_H 1
| #define HAVE_LANGINFO_H 1
| #define HAVE_LIBINTL_H 1
| #define HAVE_LIMITS_H 1
| #define HAVE_LOCALE_H 1
| #define HAVE_MNTENT_H 1
| #define HAVE_NETINET_IN_H 1
| #define HAVE_NETINET_TCP_H 1
| #define HAVE_STDDEF_H 1
| #define HAVE_STRING_H 1
| #define HAVE_SYS_IOCTL_H 1
| #define HAVE_SYS_MOUNT_H 1
| #define HAVE_SYS_PARAM_H 1
| #define HAVE_SYS_STATVFS_H 1
| #define HAVE_SYS_TIME_H 1
| #define HAVE_SYS_TYPES_H 1
| #define HAVE_SYSLOG_H 1
| #define HAVE_TERMIOS_H 1
| #define HAVE_WCHAR_H 1
| #define HAVE_DIRENT_H 1
| #define HAVE_STRUCT_DIRENT_D_TYPE 1
| #define HAVE_FORK 1
| #define HAVE_VFORK 1
| #define HAVE_WORKING_VFORK 1
| #define HAVE_WORKING_FORK 1
| #define HAVE_GETMNTENT 1
| #define LSTAT_FOLLOWS_SLASHED_SYMLINK 1
| #define HAVE_STDLIB_H 1
| #define HAVE_MALLOC 1
| #define TIME_WITH_SYS_TIME 1
| #define HAVE_SYS_TIME_H 1
| #define HAVE_UNISTD_H 1
| #define HAVE_ALARM 1
| #define HAVE_STRCOLL 1
| #define HAVE_DUP2 1
| #define HAVE_GETCWD 1
| #define HAVE_GETTIMEOFDAY 1
| #define HAVE_MEMMOVE 1
| #define HAVE_MEMSET 1
| #define HAVE_MKDIR 1
| #define HAVE_REALPATH 1
| #define HAVE_REGCOMP 1
| #define HAVE_RMDIR 1
| #define HAVE_SETENV 1
| #define HAVE_SETLOCALE 1
| #define HAVE_STRCASECMP 1
| #define HAVE_STRCHR 1
| #define HAVE_STRCSPN 1
| #define HAVE_STRDUP 1
| #define HAVE_STRERROR 1
| #define HAVE_STRNDUP 1
| #define HAVE_STRRCHR 1
| #define HAVE_STRSEP 1
| #define HAVE_STRSTR 1
| #define HAVE_STRTOL 1
| #define HAVE_SWPRINTF 1
| #define HAVE_TCFLUSH 1
| #define HAVE_WCWIDTH 1
| #define HAVE_UNAME 1
| #define HAVE_STRUCT_STAT_ST_BLKSIZE 1
| #define FSSTATSTYPE struct statvfs
| #define HAVE_STRUCT_STATVFS_F_FLAG 1
| /* end confdefs.h.  */
| #include <sys/param.h>
|                   #include <sys/mount.h>
| 
| int
| main ()
| {
| static struct statfs ac_aggr;
| if (ac_aggr.f_flags)
| return 0;
|   ;
|   return 0;
| }
configure:16267: gcc -std=gnu99 -c -g -O2  conftest.c >&5
conftest.c: In function 'main':
conftest.c:100:22: error: storage size of 'ac_aggr' isn't known
 static struct statfs ac_aggr;
                      ^
configure:16267: $? = 1
configure: failed program was:
| /* confdefs.h */
| #define PACKAGE_NAME "pacman"
| #define PACKAGE_TARNAME "pacman"
| #define PACKAGE_VERSION "4.1.2"
| #define PACKAGE_STRING "pacman 4.1.2"
| #define PACKAGE_BUGREPORT "pacman-dev@archlinux.org"
| #define PACKAGE_URL ""
| #define PACKAGE "pacman"
| #define VERSION "4.1.2"
| #define STDC_HEADERS 1
| #define HAVE_SYS_TYPES_H 1
| #define HAVE_SYS_STAT_H 1
| #define HAVE_STDLIB_H 1
| #define HAVE_STRING_H 1
| #define HAVE_MEMORY_H 1
| #define HAVE_STRINGS_H 1
| #define HAVE_INTTYPES_H 1
| #define HAVE_STDINT_H 1
| #define HAVE_UNISTD_H 1
| #define HAVE_DLFCN_H 1
| #define LT_OBJDIR ".libs/"
| #define LIB_VERSION "8.0.2"
| #define ENABLE_NLS 1
| #define HAVE_GETTEXT 1
| #define HAVE_DCGETTEXT 1
| #define HAVE_LIBM 1
| #define HAVE_LIBSSL 1
| #define HAVE_LIBCURL 1
| #define HAVE_FCNTL_H 1
| #define HAVE_FLOAT_H 1
| #define HAVE_GLOB_H 1
| #define HAVE_LANGINFO_H 1
| #define HAVE_LIBINTL_H 1
| #define HAVE_LIMITS_H 1
| #define HAVE_LOCALE_H 1
| #define HAVE_MNTENT_H 1
| #define HAVE_NETINET_IN_H 1
| #define HAVE_NETINET_TCP_H 1
| #define HAVE_STDDEF_H 1
| #define HAVE_STRING_H 1
| #define HAVE_SYS_IOCTL_H 1
| #define HAVE_SYS_MOUNT_H 1
| #define HAVE_SYS_PARAM_H 1
| #define HAVE_SYS_STATVFS_H 1
| #define HAVE_SYS_TIME_H 1
| #define HAVE_SYS_TYPES_H 1
| #define HAVE_SYSLOG_H 1
| #define HAVE_TERMIOS_H 1
| #define HAVE_WCHAR_H 1
| #define HAVE_DIRENT_H 1
| #define HAVE_STRUCT_DIRENT_D_TYPE 1
| #define HAVE_FORK 1
| #define HAVE_VFORK 1
| #define HAVE_WORKING_VFORK 1
| #define HAVE_WORKING_FORK 1
| #define HAVE_GETMNTENT 1
| #define LSTAT_FOLLOWS_SLASHED_SYMLINK 1
| #define HAVE_STDLIB_H 1
| #define HAVE_MALLOC 1
| #define TIME_WITH_SYS_TIME 1
| #define HAVE_SYS_TIME_H 1
| #define HAVE_UNISTD_H 1
| #define HAVE_ALARM 1
| #define HAVE_STRCOLL 1
| #define HAVE_DUP2 1
| #define HAVE_GETCWD 1
| #define HAVE_GETTIMEOFDAY 1
| #define HAVE_MEMMOVE 1
| #define HAVE_MEMSET 1
| #define HAVE_MKDIR 1
| #define HAVE_REALPATH 1
| #define HAVE_REGCOMP 1
| #define HAVE_RMDIR 1
| #define HAVE_SETENV 1
| #define HAVE_SETLOCALE 1
| #define HAVE_STRCASECMP 1
| #define HAVE_STRCHR 1
| #define HAVE_STRCSPN 1
| #define HAVE_STRDUP 1
| #define HAVE_STRERROR 1
| #define HAVE_STRNDUP 1
| #define HAVE_STRRCHR 1
| #define HAVE_STRSEP 1
| #define HAVE_STRSTR 1
| #define HAVE_STRTOL 1
| #define HAVE_SWPRINTF 1
| #define HAVE_TCFLUSH 1
| #define HAVE_WCWIDTH 1
| #define HAVE_UNAME 1
| #define HAVE_STRUCT_STAT_ST_BLKSIZE 1
| #define FSSTATSTYPE struct statvfs
| #define HAVE_STRUCT_STATVFS_F_FLAG 1
| /* end confdefs.h.  */
| #include <sys/param.h>
|                   #include <sys/mount.h>
| 
| int
| main ()
| {
| static struct statfs ac_aggr;
| if (sizeof ac_aggr.f_flags)
| return 0;
|   ;
|   return 0;
| }
configure:16267: result: no
configure:16284: checking whether gcc -std=gnu99 accepts -fvisibility=internal
configure:16302: gcc -std=gnu99 -c -g -O2 -fvisibility=internal  conftest.c >&5
configure:16302: $? = 0
configure:16311: result: yes
configure:16332: checking for -fgnu89-inline
configure:16350: gcc -std=gnu99 -c -g -O2 -fgnu89-inline  conftest.c >&5
configure:16350: $? = 0
configure:16359: result: yes
configure:16416: checking for du
configure:16434: found /usr/bin/du
configure:16446: result: /usr/bin/du
configure:16477: checking for asciidoc
configure:16507: result: no
configure:16515: checking for building documentation
configure:16523: result: yes (warning : asciidoc not installed)
configure:16546: checking for doxygen
configure:16562: found /usr/bin/doxygen
configure:16573: result: doxygen
configure:16584: checking for doxygen
configure:16597: result: no, disabled by configure
configure:16611: checking for debug mode request
configure:16741: result: no
configure:16747: checking for excessive compiler warning flags
configure:18157: result: no
configure:18162: checking whether to use git version if available
configure:18233: result: no, disabled by configure
configure:18409: checking that generated files are newer than configure
configure:18415: result: done
configure:18474: creating ./config.status

## ---------------------- ##
## Running config.status. ##
## ---------------------- ##

This file was extended by pacman config.status 4.1.2, which was
generated by GNU Autoconf 2.69.  Invocation command line was

  CONFIG_FILES    = 
  CONFIG_HEADERS  = 
  CONFIG_LINKS    = 
  CONFIG_COMMANDS = 
  $ ./config.status 

on kali

config.status:1256: creating lib/libalpm/Makefile
config.status:1256: creating lib/libalpm/po/Makefile.in
config.status:1256: creating lib/libalpm/libalpm.pc
config.status:1256: creating src/common/Makefile
config.status:1256: creating src/pacman/Makefile
config.status:1256: creating src/pacman/po/Makefile.in
config.status:1256: creating src/util/Makefile
config.status:1256: creating scripts/Makefile
config.status:1256: creating scripts/po/Makefile.in
config.status:1256: creating doc/Makefile
config.status:1256: creating etc/Makefile
config.status:1256: creating test/pacman/Makefile
config.status:1256: creating test/pacman/tests/Makefile
config.status:1256: creating test/scripts/Makefile
config.status:1256: creating test/util/Makefile
config.status:1256: creating contrib/Makefile
config.status:1256: creating Makefile
config.status:1256: creating config.h
config.status:1485: executing depfiles commands
config.status:1485: executing libtool commands
config.status:1485: executing po-directories commands
configure:20832: WARNING: unrecognized options: --disable-maintainer-mode

## ---------------- ##
## Cache variables. ##
## ---------------- ##

ac_cv_build=x86_64-pc-linux-gnu
ac_cv_c_compiler_gnu=yes
ac_cv_c_inline=inline
ac_cv_c_int64_t=yes
ac_cv_env_CC_set=
ac_cv_env_CC_value=
ac_cv_env_CFLAGS_set=set
ac_cv_env_CFLAGS_value='-g -O2'
ac_cv_env_CPPFLAGS_set=set
ac_cv_env_CPPFLAGS_value=
ac_cv_env_CPP_set=
ac_cv_env_CPP_value=
ac_cv_env_LDFLAGS_set=set
ac_cv_env_LDFLAGS_value=
ac_cv_env_LIBARCHIVE_CFLAGS_set=
ac_cv_env_LIBARCHIVE_CFLAGS_value=
ac_cv_env_LIBARCHIVE_LIBS_set=
ac_cv_env_LIBARCHIVE_LIBS_value=
ac_cv_env_LIBCURL_CFLAGS_set=
ac_cv_env_LIBCURL_CFLAGS_value=
ac_cv_env_LIBCURL_LIBS_set=
ac_cv_env_LIBCURL_LIBS_value=
ac_cv_env_LIBSSL_CFLAGS_set=
ac_cv_env_LIBSSL_CFLAGS_value=
ac_cv_env_LIBSSL_LIBS_set=
ac_cv_env_LIBSSL_LIBS_value=
ac_cv_env_LIBS_set=
ac_cv_env_LIBS_value=
ac_cv_env_PKG_CONFIG_LIBDIR_set=
ac_cv_env_PKG_CONFIG_LIBDIR_value=
ac_cv_env_PKG_CONFIG_PATH_set=
ac_cv_env_PKG_CONFIG_PATH_value=
ac_cv_env_PKG_CONFIG_set=
ac_cv_env_PKG_CONFIG_value=
ac_cv_env_build_alias_set=set
ac_cv_env_build_alias_value=x86_64-linux-gnu
ac_cv_env_host_alias_set=
ac_cv_env_host_alias_value=
ac_cv_env_target_alias_set=
ac_cv_env_target_alias_value=
ac_cv_func_alarm=yes
ac_cv_func_dup2=yes
ac_cv_func_fork=yes
ac_cv_func_fork_works=yes
ac_cv_func_getcwd=yes
ac_cv_func_getmntent=yes
ac_cv_func_getmntinfo=no
ac_cv_func_gettimeofday=yes
ac_cv_func_lstat_dereferences_slashed_symlink=yes
ac_cv_func_malloc_0_nonnull=yes
ac_cv_func_memmove=yes
ac_cv_func_memset=yes
ac_cv_func_mkdir=yes
ac_cv_func_realpath=yes
ac_cv_func_regcomp=yes
ac_cv_func_rmdir=yes
ac_cv_func_setenv=yes
ac_cv_func_setlocale=yes
ac_cv_func_strcasecmp=yes
ac_cv_func_strchr=yes
ac_cv_func_strcoll_works=yes
ac_cv_func_strcspn=yes
ac_cv_func_strdup=yes
ac_cv_func_strerror=yes
ac_cv_func_strndup=yes
ac_cv_func_strrchr=yes
ac_cv_func_strsep=yes
ac_cv_func_strstr=yes
ac_cv_func_strtol=yes
ac_cv_func_swprintf=yes
ac_cv_func_tcflush=yes
ac_cv_func_uname=yes
ac_cv_func_vfork=yes
ac_cv_func_vfork_works=yes
ac_cv_func_wcwidth=yes
ac_cv_func_working_mktime=yes
ac_cv_header_dirent_dirent_h=yes
ac_cv_header_dlfcn_h=yes
ac_cv_header_fcntl_h=yes
ac_cv_header_float_h=yes
ac_cv_header_glob_h=yes
ac_cv_header_inttypes_h=yes
ac_cv_header_langinfo_h=yes
ac_cv_header_libintl_h=yes
ac_cv_header_limits_h=yes
ac_cv_header_locale_h=yes
ac_cv_header_memory_h=yes
ac_cv_header_mntent_h=yes
ac_cv_header_netinet_in_h=yes
ac_cv_header_netinet_tcp_h=yes
ac_cv_header_stdc=yes
ac_cv_header_stddef_h=yes
ac_cv_header_stdint_h=yes
ac_cv_header_stdlib_h=yes
ac_cv_header_string_h=yes
ac_cv_header_strings_h=yes
ac_cv_header_sys_ioctl_h=yes
ac_cv_header_sys_mnttab_h=no
ac_cv_header_sys_mount_h=yes
ac_cv_header_sys_param_h=yes
ac_cv_header_sys_stat_h=yes
ac_cv_header_sys_statvfs_h=yes
ac_cv_header_sys_time_h=yes
ac_cv_header_sys_types_h=yes
ac_cv_header_sys_ucred_h=no
ac_cv_header_syslog_h=yes
ac_cv_header_termios_h=yes
ac_cv_header_time=yes
ac_cv_header_unistd_h=yes
ac_cv_header_vfork_h=no
ac_cv_header_wchar_h=yes
ac_cv_host=x86_64-pc-linux-gnu
ac_cv_lib_m_fabs=yes
ac_cv_member_struct_dirent_d_type=yes
ac_cv_member_struct_stat_st_blksize=yes
ac_cv_member_struct_statfs_f_flags=no
ac_cv_member_struct_statvfs_f_flag=yes
ac_cv_objext=o
ac_cv_path_BASH_SHELL=/bin/bash
ac_cv_path_DUPATH=/usr/bin/du
ac_cv_path_EGREP='/bin/grep -E'
ac_cv_path_FGREP='/bin/grep -F'
ac_cv_path_GMSGFMT=/usr/bin/msgfmt
ac_cv_path_GPGME_CONFIG=no
ac_cv_path_GREP=/bin/grep
ac_cv_path_MSGFMT=/usr/bin/msgfmt
ac_cv_path_MSGMERGE=/usr/bin/msgmerge
ac_cv_path_SED=/bin/sed
ac_cv_path_XGETTEXT=/usr/bin/xgettext
ac_cv_path_ac_pt_PKG_CONFIG=/usr/bin/pkg-config
ac_cv_path_install='/usr/bin/install -c'
ac_cv_path_mkdir=/bin/mkdir
ac_cv_prog_AWK=gawk
ac_cv_prog_CPP='gcc -E'
ac_cv_prog_DOXYGEN=doxygen
ac_cv_prog_PYTHON=python2.7
ac_cv_prog_ac_ct_AR=ar
ac_cv_prog_ac_ct_CC=gcc
ac_cv_prog_ac_ct_MANIFEST_TOOL=mt
ac_cv_prog_ac_ct_OBJDUMP=objdump
ac_cv_prog_ac_ct_RANLIB=ranlib
ac_cv_prog_ac_ct_STRIP=strip
ac_cv_prog_cc_c89=
ac_cv_prog_cc_c99=-std=gnu99
ac_cv_prog_cc_g=yes
ac_cv_prog_make_make_set=yes
ac_cv_search_getmntent='none required'
ac_cv_search_opendir='none required'
ac_cv_struct_tm=time.h
ac_cv_sys_file_offset_bits=no
ac_cv_sys_largefile_CC=no
ac_cv_type_mode_t=yes
ac_cv_type_off_t=yes
ac_cv_type_pid_t=yes
ac_cv_type_size_t=yes
ac_cv_type_ssize_t=yes
ac_cv_type_uid_t=yes
acl_cv_hardcode_direct=no
acl_cv_hardcode_libdir_flag_spec='${wl}-rpath ${wl}$libdir'
acl_cv_hardcode_libdir_separator=
acl_cv_hardcode_minus_L=no
acl_cv_libext=a
acl_cv_path_LD='/usr/bin/ld -m elf_x86_64'
acl_cv_prog_gnu_ld=yes
acl_cv_rpath=done
acl_cv_shlibext=so
acl_cv_wl=-Wl,
am_cv_CC_dependencies_compiler_type=none
am_cv_make_support_nested_variables=yes
fs_stats_cv_type='struct statvfs'
gnu89_inline_cv_cc=yes
gt_cv_func_CFLocaleCopyCurrent=no
gt_cv_func_CFPreferencesCopyAppValue=no
gt_cv_func_gnugettext2_libc=yes
lt_cv_ar_at_file=@
lt_cv_archive_cmds_need_lc=no
lt_cv_deplibs_check_method=pass_all
lt_cv_file_magic_cmd='$MAGIC_CMD'
lt_cv_file_magic_test_file=
lt_cv_ld_reload_flag=-r
lt_cv_nm_interface='BSD nm'
lt_cv_objdir=.libs
lt_cv_path_LD=/usr/bin/ld
lt_cv_path_NM='/usr/bin/nm -B'
lt_cv_path_mainfest_tool=no
lt_cv_prog_compiler_c_o=yes
lt_cv_prog_compiler_pic='-fPIC -DPIC'
lt_cv_prog_compiler_pic_works=yes
lt_cv_prog_compiler_rtti_exceptions=no
lt_cv_prog_compiler_static_works=yes
lt_cv_prog_gnu_ld=yes
lt_cv_sharedlib_from_linklib_cmd='printf %s\n'
lt_cv_shlibpath_overrides_runpath=no
lt_cv_sys_global_symbol_pipe='sed -n -e '\''s/^.*[	 ]\([ABCDGIRSTW][ABCDGIRSTW]*\)[	 ][	 ]*\([_A-Za-z][_A-Za-z0-9]*\)$/\1 \2 \2/p'\'' | sed '\''/ __gnu_lto/d'\'''
lt_cv_sys_global_symbol_to_c_name_address='sed -n -e '\''s/^: \([^ ]*\)[ ]*$/  {\"\1\", (void *) 0},/p'\'' -e '\''s/^[ABCDGIRSTW]* \([^ ]*\) \([^ ]*\)$/  {"\2", (void *) \&\2},/p'\'''
lt_cv_sys_global_symbol_to_c_name_address_lib_prefix='sed -n -e '\''s/^: \([^ ]*\)[ ]*$/  {\"\1\", (void *) 0},/p'\'' -e '\''s/^[ABCDGIRSTW]* \([^ ]*\) \(lib[^ ]*\)$/  {"\2", (void *) \&\2},/p'\'' -e '\''s/^[ABCDGIRSTW]* \([^ ]*\) \([^ ]*\)$/  {"lib\2", (void *) \&\2},/p'\'''
lt_cv_sys_global_symbol_to_cdecl='sed -n -e '\''s/^T .* \(.*\)$/extern int \1();/p'\'' -e '\''s/^[ABCDGIRSTW]* .* \(.*\)$/extern char \1;/p'\'''
lt_cv_sys_max_cmd_len=3458764513820540925
lt_cv_to_host_file_cmd=func_convert_file_noop
lt_cv_to_tool_file_cmd=func_convert_file_noop
path_max_cv_defined=yes
pkg_cv_LIBARCHIVE_CFLAGS=' '
pkg_cv_LIBARCHIVE_LIBS='-larchive  '
pkg_cv_LIBCURL_CFLAGS=' '
pkg_cv_LIBCURL_LIBS='-lcurl  '
pkg_cv_LIBSSL_CFLAGS=' '
pkg_cv_LIBSSL_LIBS='-lcrypto  '
visibility_cv_cc=yes

## ----------------- ##
## Output variables. ##
## ----------------- ##

ACLOCAL='${SHELL} /root/work/aaa-archlinux-pacman/tmptmp/archlinux-pacman-4.1.2/build-aux/missing aclocal-1.13'
AMDEPBACKSLASH=''
AMDEP_FALSE=''
AMDEP_TRUE='#'
AMTAR='$${TAR-tar}'
AM_BACKSLASH='\'
AM_DEFAULT_V='$(AM_DEFAULT_VERBOSITY)'
AM_DEFAULT_VERBOSITY='0'
AM_V='$(V)'
AR='ar'
ASCIIDOC=''
AUTOCONF='${SHELL} /root/work/aaa-archlinux-pacman/tmptmp/archlinux-pacman-4.1.2/build-aux/missing autoconf'
AUTOHEADER='${SHELL} /root/work/aaa-archlinux-pacman/tmptmp/archlinux-pacman-4.1.2/build-aux/missing autoheader'
AUTOMAKE='${SHELL} /root/work/aaa-archlinux-pacman/tmptmp/archlinux-pacman-4.1.2/build-aux/missing automake-1.13'
AWK='gawk'
BASH_SHELL='/bin/bash'
BUILDSCRIPT='PKGBUILD'
CARCH='x86_64'
CC='gcc -std=gnu99'
CCDEPMODE='depmode=none'
CFLAGS='-g -O2'
CHOST='x86_64-pc-linux-gnu'
CPP='gcc -E'
CPPFLAGS=''
CYGPATH_W='echo'
DARWIN_FALSE=''
DARWIN_TRUE='#'
DEBUGSUFFIX='debug'
DEFS='-DHAVE_CONFIG_H'
DEPDIR='.deps'
DLLTOOL='false'
DOXYGEN='doxygen'
DSYMUTIL=''
DUFLAGS='-sk --apparent-size'
DUMPBIN=''
DUPATH='/usr/bin/du'
ECHO_C=''
ECHO_N='-n'
ECHO_T=''
EGREP='/bin/grep -E'
ENABLE_GNU89_INLINE_CC_FALSE='#'
ENABLE_GNU89_INLINE_CC_TRUE=''
ENABLE_VISIBILITY_CC_FALSE='#'
ENABLE_VISIBILITY_CC_TRUE=''
EXEEXT=''
FGREP='/bin/grep -F'
GETTEXT_MACRO_VERSION='0.18'
GIT=''
GMSGFMT='/usr/bin/msgfmt'
GMSGFMT_015='/usr/bin/msgfmt'
GPGME_CFLAGS=''
GPGME_CONFIG='no'
GPGME_LIBS=''
GREP='/bin/grep'
HAVE_LIBCURL_FALSE='#'
HAVE_LIBCURL_TRUE=''
HAVE_LIBGPGME_FALSE=''
HAVE_LIBGPGME_TRUE='#'
HAVE_LIBSSL_FALSE='#'
HAVE_LIBSSL_TRUE=''
INODECMD='stat -c '\''%i %n'\'''
INSTALL_DATA='${INSTALL} -m 644'
INSTALL_PROGRAM='${INSTALL}'
INSTALL_SCRIPT='${INSTALL}'
INSTALL_STRIP_PROGRAM='$(install_sh) -c -s'
INTLLIBS=''
INTL_MACOSX_LIBS=''
LD='/usr/bin/ld -m elf_x86_64'
LDCONFIG='/sbin/ldconfig'
LDFLAGS=''
LIBARCHIVE_CFLAGS=' '
LIBARCHIVE_LIBS='-larchive  '
LIBCURL_CFLAGS=' '
LIBCURL_LIBS='-lcurl  '
LIBICONV='-liconv'
LIBINTL=''
LIBOBJS=''
LIBS='-lm '
LIBSSL_CFLAGS=' '
LIBSSL_LIBS='-lcrypto  '
LIBTOOL='$(SHELL) $(top_builddir)/libtool'
LIB_VERSION='8.0.2'
LIB_VERSION_INFO='8:2:0'
LIPO=''
LN_S='ln -s'
LTLIBICONV='-liconv'
LTLIBINTL=''
LTLIBOBJS=''
MAKEINFO='${SHELL} /root/work/aaa-archlinux-pacman/tmptmp/archlinux-pacman-4.1.2/build-aux/missing makeinfo'
MANIFEST_TOOL=':'
MKDIR_P='/bin/mkdir -p'
MSGFMT='/usr/bin/msgfmt'
MSGFMT_015='/usr/bin/msgfmt'
MSGMERGE='/usr/bin/msgmerge'
NM='/usr/bin/nm -B'
NMEDIT=''
OBJDUMP='objdump'
OBJEXT='o'
OTOOL64=''
OTOOL=''
PACKAGE='pacman'
PACKAGE_BUGREPORT='pacman-dev@archlinux.org'
PACKAGE_NAME='pacman'
PACKAGE_STRING='pacman 4.1.2'
PACKAGE_TARNAME='pacman'
PACKAGE_URL=''
PACKAGE_VERSION='4.1.2'
PATH_SEPARATOR=':'
PKGEXT='.pkg.tar.gz'
PKG_CONFIG='/usr/bin/pkg-config'
PKG_CONFIG_LIBDIR=''
PKG_CONFIG_PATH=''
POSUB='po'
PYTHON='python2.7'
RANLIB='ranlib'
ROOTDIR='/'
SCRIPTLET_SHELL='/bin/sh'
SED='/bin/sed'
SEDINPLACE='sed --follow-symlinks -i'
SET_MAKE=''
SHELL='/bin/bash'
SIZECMD='stat -c %s'
SRCEXT='.src.tar.gz'
STRIP='strip'
STRIP_BINARIES='--strip-all'
STRIP_SHARED='--strip-unneeded'
STRIP_STATIC='--strip-debug'
USE_DOXYGEN_FALSE=''
USE_DOXYGEN_TRUE='#'
USE_GIT_VERSION_FALSE=''
USE_GIT_VERSION_TRUE='#'
USE_NLS='yes'
VERSION='4.1.2'
WANT_DOC_FALSE='#'
WANT_DOC_TRUE=''
WARNING_CFLAGS='-Wall'
XGETTEXT='/usr/bin/xgettext'
XGETTEXT_015='/usr/bin/xgettext'
XGETTEXT_EXTRA_OPTIONS=''
ac_ct_AR='ar'
ac_ct_CC='gcc'
ac_ct_DUMPBIN=''
am__EXEEXT_FALSE=''
am__EXEEXT_TRUE='#'
am__fastdepCC_FALSE=''
am__fastdepCC_TRUE='#'
am__include='include'
am__isrc=''
am__leading_dot='.'
am__nodep=''
am__quote=''
am__tar='$${TAR-tar} chof - "$$tardir"'
am__untar='$${TAR-tar} xf -'
bindir='${exec_prefix}/bin'
build='x86_64-pc-linux-gnu'
build_alias='x86_64-linux-gnu'
build_cpu='x86_64'
build_os='linux-gnu'
build_vendor='pc'
datadir='${datarootdir}'
datarootdir='${prefix}/share'
docdir='${datarootdir}/doc/${PACKAGE_TARNAME}'
dvidir='${docdir}'
exec_prefix='${prefix}'
host='x86_64-pc-linux-gnu'
host_alias=''
host_cpu='x86_64'
host_os='linux-gnu'
host_vendor='pc'
htmldir='${docdir}'
includedir='${prefix}/include'
infodir='${prefix}/share/info'
install_sh='${SHELL} /root/work/aaa-archlinux-pacman/tmptmp/archlinux-pacman-4.1.2/build-aux/install-sh'
libdir='${prefix}/lib/x86_64-linux-gnu'
libexecdir='${prefix}/lib/x86_64-linux-gnu'
localedir='${datarootdir}/locale'
localstatedir='/var'
mandir='${prefix}/share/man'
mkdir_p='$(MKDIR_P)'
oldincludedir='/usr/include'
pdfdir='${docdir}'
prefix='/usr'
program_transform_name='s,x,x,'
psdir='${docdir}'
sbindir='${exec_prefix}/sbin'
sharedstatedir='${prefix}/com'
sysconfdir='/etc'
target_alias=''

## ----------- ##
## confdefs.h. ##
## ----------- ##

/* confdefs.h */
#define PACKAGE_NAME "pacman"
#define PACKAGE_TARNAME "pacman"
#define PACKAGE_VERSION "4.1.2"
#define PACKAGE_STRING "pacman 4.1.2"
#define PACKAGE_BUGREPORT "pacman-dev@archlinux.org"
#define PACKAGE_URL ""
#define PACKAGE "pacman"
#define VERSION "4.1.2"
#define STDC_HEADERS 1
#define HAVE_SYS_TYPES_H 1
#define HAVE_SYS_STAT_H 1
#define HAVE_STDLIB_H 1
#define HAVE_STRING_H 1
#define HAVE_MEMORY_H 1
#define HAVE_STRINGS_H 1
#define HAVE_INTTYPES_H 1
#define HAVE_STDINT_H 1
#define HAVE_UNISTD_H 1
#define HAVE_DLFCN_H 1
#define LT_OBJDIR ".libs/"
#define LIB_VERSION "8.0.2"
#define ENABLE_NLS 1
#define HAVE_GETTEXT 1
#define HAVE_DCGETTEXT 1
#define HAVE_LIBM 1
#define HAVE_LIBSSL 1
#define HAVE_LIBCURL 1
#define HAVE_FCNTL_H 1
#define HAVE_FLOAT_H 1
#define HAVE_GLOB_H 1
#define HAVE_LANGINFO_H 1
#define HAVE_LIBINTL_H 1
#define HAVE_LIMITS_H 1
#define HAVE_LOCALE_H 1
#define HAVE_MNTENT_H 1
#define HAVE_NETINET_IN_H 1
#define HAVE_NETINET_TCP_H 1
#define HAVE_STDDEF_H 1
#define HAVE_STRING_H 1
#define HAVE_SYS_IOCTL_H 1
#define HAVE_SYS_MOUNT_H 1
#define HAVE_SYS_PARAM_H 1
#define HAVE_SYS_STATVFS_H 1
#define HAVE_SYS_TIME_H 1
#define HAVE_SYS_TYPES_H 1
#define HAVE_SYSLOG_H 1
#define HAVE_TERMIOS_H 1
#define HAVE_WCHAR_H 1
#define HAVE_DIRENT_H 1
#define HAVE_STRUCT_DIRENT_D_TYPE 1
#define HAVE_FORK 1
#define HAVE_VFORK 1
#define HAVE_WORKING_VFORK 1
#define HAVE_WORKING_FORK 1
#define HAVE_GETMNTENT 1
#define LSTAT_FOLLOWS_SLASHED_SYMLINK 1
#define HAVE_STDLIB_H 1
#define HAVE_MALLOC 1
#define TIME_WITH_SYS_TIME 1
#define HAVE_SYS_TIME_H 1
#define HAVE_UNISTD_H 1
#define HAVE_ALARM 1
#define HAVE_STRCOLL 1
#define HAVE_DUP2 1
#define HAVE_GETCWD 1
#define HAVE_GETTIMEOFDAY 1
#define HAVE_MEMMOVE 1
#define HAVE_MEMSET 1
#define HAVE_MKDIR 1
#define HAVE_REALPATH 1
#define HAVE_REGCOMP 1
#define HAVE_RMDIR 1
#define HAVE_SETENV 1
#define HAVE_SETLOCALE 1
#define HAVE_STRCASECMP 1
#define HAVE_STRCHR 1
#define HAVE_STRCSPN 1
#define HAVE_STRDUP 1
#define HAVE_STRERROR 1
#define HAVE_STRNDUP 1
#define HAVE_STRRCHR 1
#define HAVE_STRSEP 1
#define HAVE_STRSTR 1
#define HAVE_STRTOL 1
#define HAVE_SWPRINTF 1
#define HAVE_TCFLUSH 1
#define HAVE_WCWIDTH 1
#define HAVE_UNAME 1
#define HAVE_STRUCT_STAT_ST_BLKSIZE 1
#define FSSTATSTYPE struct statvfs
#define HAVE_STRUCT_STATVFS_F_FLAG 1
#define ENABLE_VISIBILITY_CC 1
#define ENABLE_GNU89_INLINE_CC 1
#define ROOTDIR "/"
#define PKGEXT ".pkg.tar.gz"
#define SRCEXT ".src.tar.gz"
#define BUILDSCRIPT "PKGBUILD"
#define DEBUGSUFFIX "debug"
#define SCRIPTLET_SHELL "/bin/sh"
#define LDCONFIG "/sbin/ldconfig"

configure: exit 0
